ySdpedtq3Zwro1YhbxGDW2Y2x1tY2P/IsriUtQ/Ptb4hQvig0BBfhcImr7WviNgYWfqgEuk6rT53aC0pfsjL8IvyDOglvgU2
hz0wfeK7vDIzxFpnfBHKIFMnhJgqCV1jioTwQeAV6lD5eVXayd5IFEic3xJFniUhV+R4vPEm0Oax9m16vxT9fUbkqxTj7jzcPbIFMg==
8JUNLMoKngmCbBIxKSco8Vw2B9tEXdHXPzzrAkl/g80vnpeFqYDHHzfU4onTPLnp/YGKxHkDv12v6IPXxwVBupXRqYrRFQY4P9shPc1fNXc8NEPFfm+UZCS/wZmL5wVFFGsE1svvWGsD7Va9dS7e8kylX38NA/giaZe2iK8+oJ6Jg83APeyV0DwYjrmIroLDtdq77BB3GEVwbA+XoQv6FVxNZ8eLFtm+dy1FBEpXibP/6q+aMaIN1aBb1xNEobI//JORspFuDGVjA1VLWIePawXt
+92uUmUKoa2zpUl+3xMwjf/0lwCnrUsfrD1UHjAoZc+E1tMnDd+9wPt07NoZg3gR7AQ8EKmmBvnB/tw/c8N2LfnSfx/JOdubZKFUfkTjxIB1G3kjVDJGfrilxcDdVszGjHw1uN8jN1VPdD8jZrpvkJ+LjbXVRzPOyHL95FicpEzMgmOtpXsCbnv6T0xUioloBew=
504Wukbc/kK9H+r2reEni4j2PANM6nNSRyZLCkRZJHt9gwUcG+hURmkfwI1smIeM2Tq+ZSEiZGMDn87xOQ5HQ7ll40eEvWxiNP/8nHUHQT8kLn5iWHn9nK0K9BpMoI3kr3+Pia/oh78WJtcMHxc1KaXbi1IorkW4KMAckAxeW/HVJzqym+Z3UCSWsXQF8A==
gDsDRVd2zXtrjMF6cVEmtfqWmuTT9nc4SayIWMa06n7o5AFhlMesXk9/ARSaf1FUeGELgTobGShrEcErp/1Ua5CAnEFoFvWBzY28wJq46M+h3uVUwDCsRmH2l3GL87/+u53+2APGX1F5W/11L8jYWNk6oF5o+qz49yMt6f6Iy7ALMgyopX4F9g==
puCY+eN84vcutvIXDjVVfIQNo6peUPVHX39xHypktfTwE2T1US7LJpiMIVmEz6xGeVdhbMo3kYyIias5qpOZsNu5IdN3NRQz4Oi8eXge9Zn9pdy4yvAoF1E2RexQuCze0V53iVs7/6bL9d7gE85fSUlznQ1/gBiAKdIA5vhyLGBHi80RLkCL6HtaLJC1dgXu
vZhS6vsMNMSncf5wB752iGFSsPrpH12ipTeJcFAuvT7h50kHfUSsK4PZ+P9Hny7y6iedPtNK0a2oDdQHaVye7hWL/9Oq899T6op+JjdKNwFYtEXs5aFQNbpCIXTFmb4z7c4/yo0Qm1eY7xSrN9CELok3cFVsQDelOFJuXWHaNEuj9z6pudY3qxlNMz9EhTyKVNdMxHVf8RdExi5amAEttA3ihMLM+H2MD1ffce/QV9f2DmfUH8+FAUWzW2poVhWQiKjsyIyGKxl1D+rKW94nuES+ASwFqA==
nvTbmNZYySQ9SsKNh/ZZ4I6Kt8AaZIyyOGEmb38Pxlr8CmQBGR0kYCGI87vPHZLkAI4KH+NKs01AgjyMaw8QtI1krBk5amYXcPywaa3RzgUCif5MVlJ3MMAeTTVUJ4KoucQLAEITeZkF5ju8YzuJM/gFEAej2YryOdV9PyTz9AmsEdvQdQv9fO/ukRw9DTwpgJDLE02JhWDpk2UF4w==
TPKU6GHw9tQ3NN+QDUJjzNAgLNba4psgNgy4QgwZGm9Dd/KqyGJI4TV1cLD10K97E0XGNNQmZr8P4sf9tDpADJe3ZAR5zMC51cIyR6Qk7ClxCZpV1mHSLHq6Q0D05nE1aN+22I0sJ2Bu+63JUT7n/D/jXWOsrfynz3F+Qk1tgb9YSwC52Lk3cBmjKay7tk3cYVXo+dT45/Nh4bGQ3etZBd8=
22oQPw5Vmc681FI/A9aYRdhPvb9ERXgCqL2CNcaLm5vvwPF3JkfowXmu6+0kYkI+y+Dzs4grnB8X5EyqWVOYIew00cHo1qZpQW68j7MTVl35Il9PiYk7C+Qx9I6Es6SwdSsZc5TC5u44NSVwnQbsNowMFWgfk1fFz+SfUyZqj6Cfu21llTeTXkjinVSYTIQ8zHJD/eXL4v77au+8lNrpWAXc
5EbgJXkHLP4Bl+wFUohyS7BpPwxM8TD2iTAkGLJKBh0Yb0Fz+KLCdlrxJ2GamJ/0TVtxYSwcvvK07102DbX+/oJMVXMuTLMYkukHFljvToCOiZOt8P089UC86C7JyH5i87XqWzxQB7i18PxvR2E7mgVcXUe3y8Z5LvedpbQKB6lD/5qPSvESbWUgy3dDhFGSL/yDcYLRPuz143P1u5jX71sF3Q==
2qXiS+FiLWABJ7f1v2Ldlpjw//KbCr+TX+2cIyoSCpKT7rSwukC8VcfH2UIwINHNPFMswvzY8NhSSzEoYGUbbdLPWXQTdXGnLwn018jEzG1AAvWd9anMjNIMCDM5WnU4qGRsmpkSp32Dh5/CY1kudKtS383B/w255/y4JME+sLKALuykj0edZXZ8awxTdlyEjWoF6g==
6cf0mnBVIl34EX0/yDxK9cVELeXart3r4dzSwZzU31y4iluvwsdBPinFuiZuzDki7bOXEI7J+948f8p4Isn/lfTtGL38XHSmrXi6ut+1xoP44GMwKRBAJ2NxP6JpHPG/M1uisdLXga2Q+sPxL392Vw6BNmV5ALc/pxTV6oM8b0mGwRokSYPvfV8ok7d3BfE=
4QJ5jJVEGzMj+knWaYYwHTEUTWSYgG7zm4N99u01Xr7iTLW5icPTWLLp59Y4b+5Abomz7ZB9nDVgvIhuaUieotO1ypvc0Kf41fDcr+fhW9olXL2HF0umuc73veXUiqdpo//6z+px8q1FIKs3owTx0k/8o7FiUZ6s1eOTNRsYt697Bf0=
RVCC0tV0RIieU2UxTuotjoTc5wQC5x1we4QMCtmzWAHsFBomZ3bmCUFOfG8zsxY9+cKf7wnpeyvk0TQuBNPkkHULWRMUYiYOOBVlEB2mLNaMbFXIn3OX5c+E3/Omik+An5uthRWX0z5Iwl20GOzEXMySg11lq6Le+4ovHBS6qXgF/A==
8rdGAzciGzKIkvYQ4T4DgTMUTXWalmrzm4N99u01Xr7iTLW/icPTWLLp59Y4b+5Abomz7ZB9nDVgvIhuaUieotO1ypvc0Kf41fDcr+fhW9olXL2HF0umuc73veXUiqdpo//6z+px8q1FIKs3owTx0k/8o7FiUZ6s1eOTNRsYt697Bf0=
cbBMx+eQMsunCpVTAuMqi4Tc4RIe+h1we4QMCtmzWAHsFBwmZ3bmCUFOfG8zsxY9+cKf7wnpeyvk0TQuBNPkkHULWRMUYiYOOBVlEB2mLNaMbFXIn3OX5c+E3/Omik+An5uthRWX0z5Iwl20GOzEXMySg11lq6Le+4ovHBS6qXgF/A==
CspL9HrS1cZL6/T8hnmGJITc4AQM/x1we4QMCtmzWAHsFB8mZ3bmCUFOfG8zsxY9+cKf7wnpeyvk0TQuBNPkkHULWRMUYiYOOBVlEB2mLNaMbFXIn3OX5c+E3/Omik+An5uthRWX0z5Iwl20GOzEXMySg11lq6Le+4ovHBS6qXgF/A==
OGlAAKsqaVpu5s+MrONXwseprOGRFLiWSaTSJzYUTJST4OTjrEinRsbA+0IwINHNPFMswv3Z/thSSzEoYGUbbdLPWXQTdXGnLwn018jEzG1AAvWd9anMjNIMCDM5WnU4qGRsmpkSp32Dh5/CY1kudKtS383B/w255/y4JME+sLSDLuykj0edZXZ8awxTdlyEjWoF6g==
cD3Jz7iEmbTnhiWbbTpdf47A1DNbfBnRn0hwotGp7cPIEnVb+8JnivCufzFDDaSDmVixV7DqOJZ4XGEppN+sdhkErpxqpxE8aFnrSYqDmYC76eEj16WUgwA4/AlYDvWpnfUcSGpgqKex5gWccKgs7rEOt3n7q38WKyWekDPeX3kpI1393xCYMMkCQJDbYixQJ9sN4Y7QC1ibimzglWYF3g==
GVdz1erzpsq3Lr/e60lvxVkvZxYNetC5/cR4KEYNwvCpm9NBSHmgab7e48mkpkEjIBBGGEll6LvhSCtujzgVV4vLHOBEgUoAKlJmsJsnQgsR39FuN2j/Vpd5ws5jTZGfXzE0b7h8LNUwOvWlhREsNKK0yAtJYpUA2NzsIukqR0Xzv196E+HOzNtq3/WxR+0Bl0R4HLEGUI3zlmwc/399XQZEq7Qjzrw8/VIF0g==
GVdz1erzpsq3Lr/e60lvxVkvZxYNetC5/cR4KEYNwvCpm9NBSHmgab7e48mkpkEjIBBGGEll6LvhSCtujzgVV4vLHOBEgUoAKlJmsJsnQgsR39FuN2j/Vpd5ws5jTZGfXzE0b7h8LNUwOvWlhREsNKK0yAtJYpUA2NzsIukqR0Xzv196E+HOzNtq3/WxR+0Bl0R4HLEGUI3zlmwc/399XQZEq7Qjzrw8/VIF0g==
0iwKzexJT6bE16Ee+LbOW1jgju6s4p55vp6x+9NUOHPzkreejd5amokim81bnQkBgP/35n+as2A+Eu4dYZq0i6M3vmm5lrfrGQ2z/0RFvEpUl8yEdR9xV0QGrpqYwa30DaIEgsw4/UwPl18x75DXl/bO5xQfDwXBRfPbKmgWlVCIZG4IjMarWXVPagpbHqd4RP6BbAXo
O1LGYHu4pIVjwMSHENlLkmciLFTLJDTFZHu52tCf+wlJXWsA0c3jXQID4FvSfCbZgV+0WXsKA/giaZe2iK8+oJ6Jg83APeyV0DwYjrmIroLDtdq77BB3GEVwbA+XoQv6FVxNZ8eLFtm+dy1FBEpXibP/6q+aMaIN1aBb1xNErbA//JORspFuDGVjA1VLWIePawXt
OBj3RB4bihtJ8H6lCRTXH19SeMo5/XvJ/fhQFJz1aTc10M4eXaEUGQcsOHShjnBFJX7s9C+3XdUWLOvcs8Yc9C26BTo=
v4pKa2D0xiivIOtrsI7iFoaOu8gfUN+oNlxpf2VGpVivMFgvKAg3ciLNtaTZXtjkCJoBPI4T42t0ryb1HlBK6tFktQh0d1MTc8m+cq/RzgUCif5MVlJ3MMAeTTVUJ4KoucQLAEITeZkF5ju8YzuJM/gFEAej2YryOdV9PyTz9AmsEdvQdQv9fOjrkRw9DTwpgJDLE02JhWDpk2UF4w==
fEVWJtYrdSnoFn1KK3UQR2niZLAaPpLudqdWMdTVdk9yueuJ60IKksbUaTUkDSO8eCl0/kmgpUidi/7uhMtR/X6rr9zhBn/G0lonFvZXmh1ae40vYSpXcFFXdaDUOwLUUHph3fsnOUmCZ9ncQ31R77+htP/YjGzlECr1taUhbMTCJEibqRJVMPjM7DLJGoc1Ey/f6nMRjvz7et/lkXet8ffU+IxRdpC71YZsDN9PvS3m1CskQz78DN1CBcI=
ckrxiu4xfoa/E0+hgD4mRUVxiNgxYBbZFUH3u5ySlvhZfV2c46oBNOM0ugl3q6wjPDELUIXrTTz9i+Ecja0s6XCw+5Md6RUg2TO1BTM=
X+8qqS8tvoE9wYSx2UvPy29b/HqGSQFca0LKLUWqCsecoh3WgZCPvFByFAQG1MbqtIbGBeeIWY8UZ+4/Zdj/wsSdaJ9Vbl27uDjulYHAL69vNO/fK7wHOf6hUrTRw9dNl4gLZ58FGQ==
aqPUL1PtHC/5T8VVwK9suCLGjyvn/g3BnugFgNq4alyOe2belMDQQGIdDl/ez+yxvGFy9Ve2uKahSQvV1bzwmOQheUv9dE6yhdUkxW+o2DiZmiD8rRqsGDeDrUm+6MvQS5KMCGWeBRY=
XI17aGTJ1dd0CvEnLNNuVXoznR/LmZb67PzQdAox3puGk0wlNO3CEe/K+FKJJRvRzaCQTCxtCe8FyM4GbXl0gbd0+CyRlhCYleZsbJ9vPc0mdCuEA158LB2iBSI=
3tb4W3j/0zMy53MTA7L2BwJvtvpKVKQi0ZCG9uT40EhyBS637reseWw5El2nDjguMdGrvWVEMNC0+ZljjUxOupXNBC1f0JjwScJAVF2iLJCnGw0hDhALmBtKbCAVpgUe
kB7kSjrhQXOqx4EKL0k+wStcmd97ZoU45pCG9uT40EhyBS637reseWw5El2nDjguMdGrvWVEMNC0+ZljjUxOupXNBC1f0JjwScJAVF2iLJCnGw0hDhALmBtKbCAVpgUe
KVmLuAES3tSPmYOC9Nj0iSp42NU0jFs4DnBgelD2jr9WARoF3NeAk3r7Q6xY8O2L82uxFmAeeLPRpUkODkSptzzba6KoHmWoaLN5wAyOuwEVNxoCG5YXQGQmEaQFIA==
ErPP8DWlHG0WX7a5Me6uH1kvZxYNetC5/cR4KEYNwvCpm9NBSHmgab7e48mkpkEjIBBGGEll6LvhSCtujzgVV4vLHOBEgUoAKlJmsJsnQgsR39FuN2j/Vpd5ws5jTZGfXzE0b7h8LNUwOvWlhREsNKK0yAtJYpUA2NzsIukqR0Xzv196E+HOzNtq3/WxR+0Bl0R4HLEGUIn1lmwc/399XQZEq7Qjzrw8/VIF0g==
IKvWI7UOzG5IoumQOJJkRUVxiNkxYBbZFUH3u5ySlvhZfV2c46oBNOM0ugl3q6wjPDELUIXrTTzyi+Ecja0s6XCw+5Md6RUg2TO1BTM=
/ZyC3VsLvSciFl88KAs1+601QXd/EJkhm7LEFbg+0qvNpl4zvXcqm8fruwdRNiybbtyMu3X8cydQ+/7sio1AhVQhANVeI+8P4O97WBkoXTDD+6XbyKd2ymFpIp62LPnfnBEP0IFi1KRJjGchYLpcLboEmudguWFwgAIhlf4s3LwEo3ZG8E+2kFYJS70ondSlSPxgXiGohhILtRIrxDDvyD2w9D+vAeOK3dyFV29rbikmtxUVnCq/GXv/oj/y0Trd7eDDp+skDId3f95h3TFWPP0j+wXTeK8fIwWl
ubwz9BBzkWbPhOnA79x1BKwXEI3W6EilNIoE0EG9X1Fi2MA2DV2436EiYMcqaMSa+UhumdDoq4OHvLQu9vba68TlUTZ29/+MOO/S1s2ZCTQO8MZjKaA1JNd5hkNTY8D9JPYalDmn4k6R6lk9NqNbzuMUD0KPVQJq69HBayc9VKsQwJyB6Fb1wU1NvIAaeOgPIZ7llEBwrAbhNpcxCzO/Pjvd/hiDhl8R+Zv9Na8I2JhZeqCb7bqvvXfkLal+SMtwi3IMaCU+BbY=
5Z6hM+UexnDW8mh7nJ9+XKOe4TzeHEeTmQ89ikLT0m4uQlOzOvHbgfAXghzB9DkHKJjk9+MsEIj1PBl34Qpmii176GGtiCmEG/LYGpyFmdxifxeOTj6hD6RR12D5wnzXxQXvkYja5MHuSG6aL25bc5ICNYfrVSpUfmONLX2r/RXQksFNgD0sFRA8WA75iO4CA7UaO6wQN5gFcKyPV6FLelVcDecHi9ZZ/ndtxURKlwlz/6ov2jFijRWgm1dTROQ3//9WEXWRLowlY8PVi1hHDysFrQ==
ubwz9BBzkWbPhOnA79x1BKwXEI3W6EilNIoE0EG9X1Fi2MA2DV2436EiYMcqaMSa+UhumdDoq4OHvLQu9vba68TlUTZ29/+MOO/S1s2ZCTQO8MZjKaA1JNd5hkNTY8D9JPYalDmn4k6R6lk9NqNbzuMUD0KPVQJq69HBayc9VKsQwJyB6Fb1wU1NvIAaeOgPIZ7llEBwrAbhNpcxCzO/Pjvd/hiDhl8R+Zv9Na8I2JhZeqCb7bqvvXfkLal+SMtwi3IMaCU+BbY=
5Z6hM+UexnDW8mh7nJ9+XKOe4TzeHEeTmQ89ikLT0m4uQlOzOvHbgfAXghzB9DkHKJjk9+MsEIj1PBl34Qpmii176GGtiCmEG/LYGpyFmdxifxeOTj6hD6RR12D5wnzXxQXvkYja5MHuSG6aL25bc5ICNYfrVSpUfmONLX2r/RXQksFNgD0sFRA8WA75iO4CA7UaO6wQN5gFcKyPV6FLelVcDecHi9ZZ/ndtxURKlwlz/6ov2jFijRWgm1dTROQ3//9WEXWRLowlY8PVi1hHDysFrQ==
XnNlQ9TRjw3A1E0gXQVQztOBghsOheplNQnPPVmP/tJc0XvQFUsd/Mqr8R+YzdupoNBrE61JpeCJ08UFQw==
Hg3u8gha+xD7WKafLSK5P86bGUTEjew5lD9hhT8zAyYIWo3cuAHxJE9vszLFQ/JGO5J/tPSS2cAFRA==
4mgCxEH++2HD25Unz8d4551V23Bq2Cejqn0Lnd7i/B2+f5H78Tth1Bw77frLsBL6att163BontnAlkB10ATEL/BjMxPRdDDczI0yhvnWXfRBf8Pq2ELVYmJY1qWUhghfmNsn0dzDcSdaQBmreSoiim7lR2bXKuuz3vWnMZADKKzSMr1FIiCNwCHrotHrEI8u5wQr16IkF9vZnZOvxBVc2pTnLPR1b5EnhJZOyhiRjWTNkqQyzIhdfE8Hf+FvQLcHtj6H5B//ZTEFY7v66Ma1wMheybiPcwtutd9KWttOR+iEjmEcBZg=
fiIPBCqif6/fS6+uLjC8+3zrQ7ZGM+6bmdzNgzYC3fg4DmMxeH8JxTWUtxN3FJWBEra9Gsc7eIHI+oc9O5aIVZAX+3KckaFgaqgvgW2zYdUQcRtI0UPvnu9cPBwNttocRKVQXED3utbHoyLhsaw/mmrV92fZXd5CYk2I+Ki2SXZNH6TCg+t9zUz4uFPrIXuzq9lm8nfBFmXq2XYMXiKfUDhutTWsV3rIUbQDQMpDkfnd9uM8uytRk9BVmEeraSLSAWXFP5xDzCkEodMQ/dvV3LH7yZ9gHWPJ6EBD00V57YCRYx0Fmw==
eHujNS/W/z64b1lrpChnM744fRVwWxowFSbPQ5UvioIoA6kb8RG/vBF1f7HyttQfz/gXy4Ov6NiqOJpHhqf5wVs3dOngtj7B2uDZi3nKYuruRQyD0EorE14VZ1GQI2gMUlJ9ZSIATaChS+Lx63BPzmek67eixFd7Wf3TT8Q1nHoUB2zUdU/RxwQ2juoYcc0ETTLk0szondzP57+Bb2D3pzZeR8Qf36VRhcP72uimdSBI/gnYj5NLzjW/CrrbbodIBG4hPAW4
zV9whOaxo7DXgWTwCBszksvM6Du3WBFZCIXbGTPzVZrfoKyqUB1iNVEqaAkzcTnffOF5mk5xKEDFnQ1RgNdCccqMc7cXFeXGKSv0XyaLEATg/+qEsc5lQFeTaID2EblN9IwNKIh5blrFjNzDWThnsnYdGD2dG/yqHv0yJlGfUhGQmqAt8PlyPrlyvc05wfv7o/ClDEudg4LbrH3GnZJPuJ5il8uaiuyuhZFGFHkmuUVeJedx0YLy5aw95O7jEJQ5myk4y2gliotu8WrETq0ZhztNb4/lVdryirkTvxCnKCO//NNGJcdssJEbdqVH1b+h/ZMQqp/JRn+dGEpBaCo5ZA5dehSF9QhI6sj69wbX2fEbp9S54OaeUZrQ+fv4bg0ErtXu3NOaS4OeZYfhENNIPJLC3bUi0O0wYXvCAWvAr76nNItnopS36xkNs/9ERbxKVJfMhHUfcVdEBq6amMGt9A2iBILMOP1MD5dfMe+Q15f2zucUHw8FwUXz2ypoFpVQiG5pCI/Dq151T2oKWx6neET+gWwF6A==
BFyMlhA39gNxkYGQzj+ZIg9OlSRCJvswx5eC5xFO+5tQ8fxkfhVZcVipn4M7Nkf+7wKyfpub5C4TQP7OqAlejfsePMmtcrAHasvfxQiWOg58xlWUtDBJ8YE7iatAOvVO9l/skBen1Tjm4ONJD15G0a+RA+J2otA9tIIDwg6AcwlYlNDU4erwIMYcZ5WRn+hR9u3ql/u/AUuSnYvnv2/z5bVpWbo5/fZqVaLXyVKE0TFxD7SKjp3cMW1MjDCOFnt7lxK4H5KyVvjaJBICUogh5tpPVs+GNcIlmgS79urBSijATgJb5/k7FdhiiZ0YdKBPwsmQ6Xgqx7/muFbBa3iUsG1/JcqmsEnVSuaRRqtYUu5gT2CvLE40YGkA2CZDa04AyatlCg4EYaPFhXpSJsWk2AR+TcbpJ5hCv9PZfUiwFHPHqb+jD4F6suuZ8vUu0ZpssmobINwWSTVQL5641fzvICZLVWk5rn98p3P1gxTdtGcHISZipV35v6B7aJkAaX8w0VORzBUj1V/8xQdZrEgvMymxaXD1m2EF5w==
hmFmC1rc18+yFyQBEphbeRPCAhZ7VcBYbEFE1Xzb1Mvu/FIFDvFqDc0C4nF90egyAuH9vWHalNCsbvCfpfSBOxBQWFtodME1gTEFcglOoLmU9WRd5qeI4mSyUQk5YKG5GJFWoRQymL0WOjF0kQY/oWSupttd22wu0XaoY3o8jV5wTenSo8ROHyRDXeFILLYPfkhBlXZHSHg8sxAjJhixYNGDyWt/TVsy2TJLp/dEMx7xaE3YK66GQMsVOhB4SE3DahpJTP2z5qdbj5H4xuOETygAc5ow78NLJNUIf14t5mOGCj6HHbFDD5MxZe8utOKLH5FAbcy1J14PGAXdeNbZydor9z9718WRLNRfM/L5NeoGL3ggHTLWv+aKZS9cbuLalrn2fV1H42Woh+Dc6pdyYnVVKCRpErb3sgJzAN9lVjer7yC5DMoqQGFLYqrZNkkJDu/7Sgto/1aXecLOY02Rn18xNG+4fCzVMDr1pYURLDSitMgLSWKVANjc7CLpKkdF879fehPhzszbat/1sUftAZdEeByxBlCM9ZZvGf94fV0GRKu0I868PP1SBdI=
ztAlFKo8MXafS7pLiLpbuhgueL9qpfLjntbT5jTrKhcXHDGjkoAe98cI0mD35kdl2tV2anLKBR15Pd18EWIX5daHJMKySu51R2qQr42r7UTkMhoM5DzMJDcaZeF469P1dK7OruheycT42H3xtdPF+9yiYe4CZ5CgG4+B+DKIb7mzJnIxu4kfMjoKJL3AKs+SEphnaWxsbKRtAqRgEjRrpW2nnPFidXZHN9c1S6b1Rzcj92dFwVGlijXVIioBSlu57nzlUWUXqNpCNaixmeTA4JIOb5ujagTvHtqCOI4MHjIusNVGTtfKn8rd9iWu7PemdlneiDR2fmvr0W/VDAoFbaQMlK/W0Yw5NIIzP5IQmpF3YIDQWYeZuipYHZWezp12V2AmTvTX/H/gJgBgXWgU9t/z2qC9k5k6Aiy145Ft9iKaPZC4EGZRliWP7MJLe5WtVKgAk/PRA1OD6a5yv7H+xVLpbswm8odwkP59NWTH0uhJZHuA0nMpWTWGK7xzG3lzqKWAhxM5OrLp9Q0/1NOkyRxxa1Dlqy28mcuBHyjtC2lQcFuTvSn1oDnzVQXT
m+ONUF50MOD5gyVel/6f4pzP1f2lgag140AUVTtrxjVS39047u3zKY6AaCj4jbmnA8W0MMxtrUCS/+KHfQOT97Vdzsh93SB819m9jxPBMWtGpwjo0PPyiLHCfUxnf3Cslj1hocTAVeRItTYWdWAEbzmU/17GkYCxHZdkJq4RqooxM4r9INb44TA1KnKJnmXhWe3jF5P8vQBLkZuO60Bl6v2+l1SuLs8HWka04jV9nrgZiiGp7ql//VEOamkc0XxCg7xM1StlYAeo6dLHXh2y6C6BAWsLQXeD5VnC/rpVC5Nwi/DPj7CLiuULNPwh964JJ3knTU0fiCYfRd7zLfTS7QiG4Yi+ESLYRTlQBNokIttm+8EdK6vMteDqhl2qPOHXmELV6J6ZthATVhPPLolfTXB/0NAiTkU5olx1vNGXWq0LbHdSF3jTq2JY76cp4WvTJGmkpmSb1Ih1E2lbdOq2tvjtdRg97lxODPSlAL97h52PPE97RkJ/mJ+DnU31H0OGCLpNvDgiMcRPD/MSRaOyJjsyv5R08plgBeQ=
czuUiKBShxUdv0PtBXtGTaJhi8Z8dje0YUtkJ7+jWhuH5sXFKF4Szvm18eA8OsEBDHQ/1RTwGaXSu6ZuM/uXupBNFtYocPsOfLocy4re1HDTu7hh5XmVwvL9aj+hJiGAcmwjajQkKrleXE7r1O4pfwyQ63/vIiSAWId3wVD67NEGiAYqp84jQ2oCTbcT9aLkliPlPXWLpcVIElmdWF0kBTh88P5x6FbyO7UiyxRwv2itMISfX8GTqs3clTdfq95JljeFdczqbzkL/1IfopHqPX1gc0dbZD9nZ3/OQS1xJpwNo2ulA7j/fxMFlQ==
GICkp8CRkSEhVwyGA83s0qJhi8Z8dje0YUtkJ7+jWhuH5sXFKF4Szvm18eA8OsEBDHQ/1RTwGaXVuaZuM/uXupBNF9YocPsOfLocy4re1HDTu7hh5XmVwvL9aj+hJiGAcmwjajQkKrleXE7r1O4pfwyQ63/vIiSAWId3wVD67NEGiAYqp84jQ2oCTbcT9aLkliPlPXWLpcVIElmdWF0kBTh88P5x6FbyO7UiyxRwv2itMISfX8GTqs3clTdfq95JljeFdczqbzkL/1IfopHqPX1gc0dbZD9nZ3/OQS1xJpwNo2ulA7j/fxMFlQ==
od1H/aG6cTSDMpgO3C0aiqJhi8Z8dje0YUtkJ7+jWhuH5sXFKF4Szvm18eA8OsEBDHQ/1RTwGaXSu6ZuM/uXupBNGNYocPsOfLocy4re1HDTu7hh5XmVwvL9aj+hJiGAcmwjajQkKrleXE7r1O4pfwyQ63/vIiSAWId3wVD67NEGiAYqp84jQ2oCTbcT9aLkliPlPXWLpcVIElmdWF0kBTh88P5x6FbyO7UiyxRwv2itMISfX8GTqs3clTdfq95JljeFdczqbzkL/1IfopHqPX1gc0dbZD9nZ3/OQS1xJpwNo2ulA7j/fxMFlQ==
GqfYadoHURN5OJsy3WXVXaJhi8Z8dje0YUtkJ7+jWhuH5sXFKF4Szvm18eA8OsEBDHQ/1RTwGaXVuaZuM/uXupBNGdYocPsOfLocy4re1HDTu7hh5XmVwvL9aj+hJiGAcmwjajQkKrleXE7r1O4pfwyQ63/vIiSAWId3wVD67NEGiAYqp84jQ2oCTbcT9aLkliPlPXWLpcVIElmdWF0kBTh88P5x6FbyO7UiyxRwv2itMISfX8GTqs3clTdfq95JljeFdczqbzkL/1IfopHqPX1gc0dbZD9nZ3/OQS1xJpwNo2ulA7j/fxMFlQ==
Sp7IaSA7/UWhWHooX7PABKJhi8Z8dje0YUtkJ7+jWhuH5sXFKF4Szvm18eA8OsEBDHQ/1RTwGaXSu6ZuM/uXupBNGtYocPsOfLocy4re1HDTu7hh5XmVwvL9aj+hJiGAcmwjajQkKrleXE7r1O4pfwyQ63/vIiSAWId3wVD67NEGiAYqp84jQ2oCTbcT9aLkliPlPXWLpcVIElmdWF0kBTh88P5x6FbyO7UiyxRwv2itMISfX8GTqs3clTdfq95JljeFdczqbzkL/1IfopHqPX1gc0dbZD9nZ3/OQS1xJpwNo2ulA7j/fxMFlQ==
Uc4qfs2yt67q3X6YC7+Y4aJhi8Z8dje0YUtkJ7+jWhuH5sXFKF4Szvm18eA8OsEBDHQ/1RTwGaXVuaZuM/uXupBNG9YocPsOfLocy4re1HDTu7hh5XmVwvL9aj+hJiGAcmwjajQkKrleXE7r1O4pfwyQ63/vIiSAWId3wVD67NEGiAYqp84jQ2oCTbcT9aLkliPlPXWLpcVIElmdWF0kBTh88P5x6FbyO7UiyxRwv2itMISfX8GTqs3clTdfq95JljeFdczqbzkL/1IfopHqPX1gc0dbZD9nZ3/OQS1xJpwNo2ulA7j/fxMFlQ==
EYB5rO37uHOOnsEFyZTAz6Jhi8Z8dje0YUtkJ7+jWhuH5sXFKF4Szvm18eA8OsEBDHQ/1RTwGaXSu6ZuM/uXupBNHNYocPsOfLocy4re1HDTu7hh5XmVwvL9aj+hJiGAcmwjajQkKrleXE7r1O4pfwyQ63/vIiSAWId3wVD67NEGiAYqp84jQ2oCTbcT9aLkliPlPXWLpcVIElmdWF0kBTh88P5x6FbyO7UiyxRwv2itMISfX8GTqs3clTdfq95JljeFdczqbzkL/1IfopHqPX1gc0dbZD9nZ3/OQS1xJpwNo2ulA7j/fxMFlQ==
ZyS8XYMb6Y4QO7XOCiiCt6Jhi8Z8dje0YUtkJ7+jWhuH5sXFKF4Szvm18eA8OsEBDHQ/1RTwGaXVuaZuM/uXupBNHdYocPsOfLocy4re1HDTu7hh5XmVwvL9aj+hJiGAcmwjajQkKrleXE7r1O4pfwyQ63/vIiSAWId3wVD67NEGiAYqp84jQ2oCTbcT9aLkliPlPXWLpcVIElmdWF0kBTh88P5x6FbyO7UiyxRwv2itMISfX8GTqs3clTdfq95JljeFdczqbzkL/1IfopHqPX1gc0dbZD9nZ3/OQS1xJpwNo2ulA7j/fxMFlQ==
R6FNPPXG7G4qVTQFZqfpl6Jhi8Z8dje0YUtkJ7+jWhuH5sXFKF4Szvm18eA8OsEBDHQ/1RTwGaXSu6ZuM/uXupBNHtYocPsOfLocy4re1HDTu7hh5XmVwvL9aj+hJiGAcmwjajQkKrleXE7r1O4pfwyQ63/vIiSAWId3wVD67NEGiAYqp84jQ2oCTbcT9aLkliPlPXWLpcVIElmdWF0kBTh88P5x6FbyO7UiyxRwv2itMISfX8GTqs3clTdfq95JljeFdczqbzkL/1IfopHqPX1gc0dbZD9nZ3/OQS1xJpwNo2ulA7j/fxMFlQ==
z7TlNK6a9wHOFwaDxSMR56Jhi8Z8dje0YUtkJ7+jWhuH5sXFKF4Szvm18eA8OsEBDHQ/1RTwGaXVuaZuM/uXupBNH9YocPsOfLocy4re1HDTu7hh5XmVwvL9aj+hJiGAcmwjajQkKrleXE7r1O4pfwyQ63/vIiSAWId3wVD67NEGiAYqp84jQ2oCTbcT9aLkliPlPXWLpcVIElmdWF0kBTh88P5x6FbyO7UiyxRwv2itMISfX8GTqs3clTdfq95JljeFdczqbzkL/1IfopHqPX1gc0dbZD9nZ3/OQS1xJpwNo2ulA7j/fxMFlQ==
+5ZsUwWDqXv+OOsuhReS1KJhi8Z8dje0YUtkJ7+jWhuH5sXFKF4Szvm18eA8OsEBDHQ/1RTwGaXSu6ZuM/uXupBNFtcocPsOfLocy4re1HDTu7hh5XmVwvL9aj+hJiGAcmwjajQkKrleXE7r1O4pfwyQ63/vIiSAWId3wVD67NEGiAYqp84jQ2oCTbcT9aLkliPlPXWLpcVIElmdWF0kBTh88P5x6FbyO7UiyxRwv2itMISfX8GTqs3clTdfq95JljeFdczqbzkL/1IfopHqPX1gc0dbZD9nZ3/OQS1xJpwNo2ulA7j/fxMFlQ==
AY5/oMpus0upqbnLs579jKJhi8Z8dje0YUtkJ7+jWhuH5sXFKF4Szvm18eA8OsEBDHQ/1RTwGaXVuaZuM/uXupBNF9cocPsOfLocy4re1HDTu7hh5XmVwvL9aj+hJiGAcmwjajQkKrleXE7r1O4pfwyQ63/vIiSAWId3wVD67NEGiAYqp84jQ2oCTbcT9aLkliPlPXWLpcVIElmdWF0kBTh88P5x6FbyO7UiyxRwv2itMISfX8GTqs3clTdfq95JljeFdczqbzkL/1IfopHqPX1gc0dbZD9nZ3/OQS1xJpwNo2ulA7j/fxMFlQ==
gXsZO0AuXto9lNgfpJsFZKJhi8Z8dje0YUtkJ7+jWhuH5sXFKF4Szvm18eA8OsEBDHQ/1RTwGaXSu6ZuM/uXupBNGNcocPsOfLocy4re1HDTu7hh5XmVwvL9aj+hJiGAcmwjajQkKrleXE7r1O4pfwyQ63/vIiSAWId3wVD67NEGiAYqp84jQ2oCTbcT9aLkliPlPXWLpcVIElmdWF0kBTh88P5x6FbyO7UiyxRwv2itMISfX8GTqs3clTdfq95JljeFdczqbzkL/1IfopHqPX1gc0dbZD9nZ3/OQS1xJpwNo2ulA7j/fxMFlQ==
kVZGfQ2wJMSDJ6TtqQQYhqJhi8Z8dje0YUtkJ7+jWhuH5sXFKF4Szvm18eA8OsEBDHQ/1RTwGaXVuaZuM/uXupBNGdcocPsOfLocy4re1HDTu7hh5XmVwvL9aj+hJiGAcmwjajQkKrleXE7r1O4pfwyQ63/vIiSAWId3wVD67NEGiAYqp84jQ2oCTbcT9aLkliPlPXWLpcVIElmdWF0kBTh88P5x6FbyO7UiyxRwv2itMISfX8GTqs3clTdfq95JljeFdczqbzkL/1IfopHqPX1gc0dbZD9nZ3/OQS1xJpwNo2ulA7j/fxMFlQ==
qTNIVuy84VEqQT1P7FIKHaJhi8Z8dje0YUtkJ7+jWhuH5sXFKF4Szvm18eA8OsEBDHQ/1RTwGaXSu6ZuM/uXupBNGtcocPsOfLocy4re1HDTu7hh5XmVwvL9aj+hJiGAcmwjajQkKrleXE7r1O4pfwyQ63/vIiSAWId3wVD67NEGiAYqp84jQ2oCTbcT9aLkliPlPXWLpcVIElmdWF0kBTh88P5x6FbyO7UiyxRwv2itMISfX8GTqs3clTdfq95JljeFdczqbzkL/1IfopHqPX1gc0dbZD9nZ3/OQS1xJpwNo2ulA7j/fxMFlQ==
Fu0jjJdkrWRrjhQdE84IxaJhi8Z8dje0YUtkJ7+jWhuH5sXFKF4Szvm18eA8OsEBDHQ/1RTwGaXVuaZuM/uXupBNG9cocPsOfLocy4re1HDTu7hh5XmVwvL9aj+hJiGAcmwjajQkKrleXE7r1O4pfwyQ63/vIiSAWId3wVD67NEGiAYqp84jQ2oCTbcT9aLkliPlPXWLpcVIElmdWF0kBTh88P5x6FbyO7UiyxRwv2itMISfX8GTqs3clTdfq95JljeFdczqbzkL/1IfopHqPX1gc0dbZD9nZ3/OQS1xJpwNo2ulA7j/fxMFlQ==
i68b9Ss4vrUjYxo4utEA+2fPLwiXzGJ7asw2maiyVZm0eA976Fm93ombt0SAkR9TtdwoXzdGX2aFzSHzsqj80FyiPvvJj8HOLsISkPt7QYj/FWC//DkK9wTuKsLeAuaF2rCbRZMdA/cLmkrdhr1eF73WzVjGzLcSWHQWkUpcWsPovkUHmDFLqB3SOKFtxwOpzEpACfJoEhKLnl8r/oLZX+8ljtyCQ5Fl2Ts5LbzSbbVELUhdjNxkBp04atovtTbjKKBTkDmQMMczsY+C+Rxh38MbchHiV5FN4DqT0Z9/xnfewcYFaYCHn/fUow8TP/ppMYHKRLkD/91v6MNXBwWB
8+CogW5ZhLxDU0NP0oxRJaJhi8Z8dje0YUtkJ7+jWhuH5sXFKF4Szvm18eA8OsEBDHQ/1RTwGaXVuaZuM/uXupBNHNcocPsOfLocy4re1HDTu7hh5XmVwvL9aj+hJiGAcmwjajQkKrleXE7r1O4pfwyQ63/vIiSAWId3wVD67NEGiAYqp84jQ2oCTbcT9aLkliPlPXWLpcVIElmdWF0kBTh88P5x6FbyO7UiyxRwv2itMISfX8GTqs3clTdfq95JljeFdczqbzkL/1IfopHqPX1gc0dbZD9nZ3/OQS1xJpwNo2ulA7j/fxMFlQ==
BySZMLj49DihkPFyRfkDPef9eiUV+BpZJkQTQrFZRWksvp1WN3ZS59ZVDYZfbibgh3qMc7anrxIZxCecVhqWQdqXOiTlh0ScMaVDk2ZT1rPQu9aWf5oF5AHOTulvBy0heeCa9nLfxED0jbClM9vc1V1FAo7dcclMvjjme/MMt5wnceabwwuABRS+ugxpj+J24WK5ZSZLm7ZT3C9aX/2C0hvZobO3VRRTIIg8Gbh+9fk9xVzYCpAod5FWxYyQ2Cy+ET736Ztb/8YLlV6A065fKYkTHW2/4Bjg6bKAgD0SLwWH7E1x7iCLiLs6rPB1FgWO
CSFf/t6ToT+YYPBOfJZ2/mfPLwiXzGJ7asw2maiyVZm0eA976Fm93ombt0SAkR9TtdwoXzdGX2aFzSHzsqj80FyiPvvJj8HOLsISkPt2Q475EGe/+DoK9wTuKsLeAuaF2rCbRZMdA/cLmkrdhr1eF73WzVjGzLcSWHQWkUpcWsPovkUHmDFLqB3SOKFtxwOpzEpACfJoEhKLnl8r/oLZX+8ljtyCQ5Fl2Ts5LbzSbbVELUhdjNxkBp04atovtTbjKKBTkDmQMMczsY+C+Rxh38MbchHiV5FN4DqT0Z9/xnfewcYFaYCHn/fUow8TP/ppMYHKRLkD/91v6MNXBwWB
pRzfPcFaS7iaebPZI0QpOOf9eiUV+BpZJkQTQrFZRWksvp1WN3ZS59ZVDYZfbibgh3qMc7anrxIZxCecVhqWQdqXOiTlh0ScMaVDk2ZT1rPQu9aWf5oF5AHOTulvBy0heeCa9nLfxED0jbClM9vc1V1FAo7dcclMvjjme/MMt5wnceabwwuABRS+ugxpj+J24WK5ZSZLm7ZT3C9aX/2C0hvZobO3VRRTIIg8Gbh+9fk9xVzYCpAod5FWxYyQ2Cy+ET736Ztb/8YLlV6A065fKYkTHW2/4Bjg6bKAgT0SLwWH7E1x7iCLiLs6rPB1FgWO
4CplQ/c4FNVGPOQTR0U63mfPLwiXzGJ7asw2maiyVZm0eA976Fm93ombt0SAkR9TtdwoXzdGX2aFzSHzsqj80FyiPvvJj8HOLsISkPt9RI/yEmS2+zwK9wTuKsLeAuaF2rCbRZMdA/cLmkrdhr1eF73WzVjGzLcSWHQWkUpcWsPovkUHmDFLqB3SOKFtxwOpzEpACfJoEhKLnl8r/oLZX+8ljtyCQ5Fl2Ts5LbzSbbVELUhdjNxkBp04atovtTbjKKBTkDmQMMczsY+C+Rxh38MbchHiV5FN4DqT0Z9/xnfewcYFaYCHn/fUog8TP/ppMYHKRLkD/91v6MNXBwWB
pRzfPcFaS7iaebPZI0QpOOf9eiUV+BpZJkQTQrFZRWksvp1WN3ZS59ZVDYZfbibgh3qMc7anrxIZxCecVhqWQdqXOiTlh0ScMaVDk2ZT1rPQu9aWf5oF5AHOTulvBy0heeCa9nLfxED0jbClM9vc1V1FAo7dcclMvjjme/MMt5wnceabwwuABRS+ugxpj+J24WK5ZSZLm7ZT3C9aX/2C0hvZobO3VRRTIIg8Gbh+9fk9xVzYCpAod5FWxYyQ2Cy+ET736Ztb/8YLlV6A065fKYkTHW2/4Bjg6bKAgT0SLwWH7E1x7iCLiLs6rPB1FgWO
xTEYiQ+fUGrJ51+NXsL8av1QNKC5CVFI8w62no00/tEEP0yDMZyk467BNvP9Bhu9jmQGdgJFINCDcK+u4zoX327gPg5LGBr+FsFAN7GzfQ3lnEcAxesd6wLPJD3iRyd9FDbrOLW6TbQm/2s1Dc+FKkJQxl1UPpjX+JMXydzbQW86yIkTudIygk6tN/5Xsht7/v23SdC7uCQy+o1dIji9CMFjMmmraJ8mx8zbTyK8Z5P5lYNXBK3MUvSvHOx1d6Fv5B7ecthpnWzt2tSqTBCttG8Pb5kv+CePVva3/B/nVfnl6ytCqL6lyOiXOSAP63smlddaohv212DkxlEEBYA=
pRzfPcFaS7iaebPZI0QpOOf9eiUV+BpZJkQTQrFZRWksvp1WN3ZS59ZVDYZfbibgh3qMc7anrxIZxCecVhqWQdqXOiTlh0ScMaVDk2ZT1rPQu9aWf5oF5AHOTulvBy0heeCa9nLfxED0jbClM9vc1V1FAo7dcclMvjjme/MMt5wnceabwwuABRS+ugxpj+J24WK5ZSZLm7ZT3C9aX/2C0hvZobO3VRRTIIg8Gbh+9fk9xVzYCpAod5FWxYyQ2Cy+ET736Ztb/8YLlV6A065fKYkTHW2/4Bjg6bKAgT0SLwWH7E1x7iCLiLs6rPB1FgWO
rkd4SGwncZEKKjoC0IbCZWfPLwiXzGJ7asw2maiyVZm0eA976Fm93ombt0SAkR9TtdwoXzdGX2aFzSHzsqj80FyiPvvJj8HOLsISkPt4QYz5FmW7+jsK9wTuKsLeAuaF2rCbRZMdA/cLmkrdhr1eF73WzVjGzLcSWHQWkUpcWsPovkUHmDFLqB3SOKFtxwOpzEpACfJoEhKLnl8r/oLZX+8ljtyCQ5Fl2Ts5LbzSbbVELUhdjNxkBp04atovtTbjKKBTkDmQMMczsY+C+Rxh38MbchHiV5FN4DqT0Z9/xnfewcYFaYCHn/fUog8TP/ppMYHKRLkD/91v6MNXBwWB
pRzfPcFaS7iaebPZI0QpOOf9eiUV+BpZJkQTQrFZRWksvp1WN3ZS59ZVDYZfbibgh3qMc7anrxIZxCecVhqWQdqXOiTlh0ScMaVDk2ZT1rPQu9aWf5oF5AHOTulvBy0heeCa9nLfxED0jbClM9vc1V1FAo7dcclMvjjme/MMt5wnceabwwuABRS+ugxpj+J24WK5ZSZLm7ZT3C9aX/2C0hvZobO3VRRTIIg8Gbh+9fk9xVzYCpAod5FWxYyQ2Cy+ET736Ztb/8YLlV6A065fKYkTHW2/4Bjg6bKAgT0SLwWH7E1x7iCLiLs6rPB1FgWO
AUXoeBrmD1xNfyMijFVdFv1QNKC5CVFI8w62no00/tEEP0yDMZyk467BNvP9Bhu9jmQGdgJFINCDcK+u4zoX327gPg5LGBr+FsFAN7G3ewjjmUcPweQd6wLPJD3iRyd9FDbrOLW6TbQm/2s1Dc+FKkJQxl1UPpjX+JMXydzbQW86yIkTudIygk6tN/5Xsht7/v23SdC7uCQy+o1dIji9CMFjMmmraJ8mx8zbTyK8Z5P5lYNXBK3MUvSvHOx1d6Fv5B7ecthpnWzt2tSqTBCttG8Pb5kv+CePVva3/B/nVfnl6ytCqL6lyOiXOSAP63smlddaohv212DkxlEEBYA=
pRzfPcFaS7iaebPZI0QpOOf9eiUV+BpZJkQTQrFZRWksvp1WN3ZS59ZVDYZfbibgh3qMc7anrxIZxCecVhqWQdqXOiTlh0ScMaVDk2ZT1rPQu9aWf5oF5AHOTulvBy0heeCa9nLfxED0jbClM9vc1V1FAo7dcclMvjjme/MMt5wnceabwwuABRS+ugxpj+J24WK5ZSZLm7ZT3C9aX/2C0hvZobO3VRRTIIg8Gbh+9fk9xVzYCpAod5FWxYyQ2Cy+ET736Ztb/8YLlV6A065fKYkTHW2/4Bjg6bKAgT0SLwWH7E1x7iCLiLs6rPB1FgWO
YGNXagpfSi8GjAuBvmfv+2fPLwiXzGJ7asw2maiyVZm0eA976Fm93ombt0SAkR9TtdwoXzdGX2aFzSHzsqj80FyiPvvJj8HOLsISkPt/S4r6EWq49TUK9wTuKsLeAuaF2rCbRZMdA/cLmkrdhr1eF73WzVjGzLcSWHQWkUpcWsPovkUHmDFLqB3SOKFtxwOpzEpACfJoEhKLnl8r/oLZX+8ljtyCQ5Fl2Ts5LbzSbbVELUhdjNxkBp04atovtTbjKKBTkDmQMMczsY+C+Rxh38MbchHiV5FN4DqT0Z9/xnfewcYFaYCHn/fUog8TP/ppMYHKRLkD/91v6MNXBwWB
pRzfPcFaS7iaebPZI0QpOOf9eiUV+BpZJkQTQrFZRWksvp1WN3ZS59ZVDYZfbibgh3qMc7anrxIZxCecVhqWQdqXOiTlh0ScMaVDk2ZT1rPQu9aWf5oF5AHOTulvBy0heeCa9nLfxED0jbClM9vc1V1FAo7dcclMvjjme/MMt5wnceabwwuABRS+ugxpj+J24WK5ZSZLm7ZT3C9aX/2C0hvZobO3VRRTIIg8Gbh+9fk9xVzYCpAod5FWxYyQ2Cy+ET736Ztb/8YLlV6A065fKYkTHW2/4Bjg6bKAgT0SLwWH7E1x7iCLiLs6rPB1FgWO
axa5FNiCVPBHc2EvyCy6m2fPLwiXzGJ7asw2maiyVZm0eA976Fm93ombt0SAkR9TtdwoXzdGX2aFzSHzsqj80FyiPvvJj8HOLsISkPt3Qo/yE2O4+DkK9wTuKsLeAuaF2rCbRZMdA/cLmkrdhr1eF73WzVjGzLcSWHQWkUpcWsPovkUHmDFLqB3SOKFtxwOpzEpACfJoEhKLnl8r/oLZX+8ljtyCQ5Fl2Ts5LbzSbbVELUhdjNxkBp04atovtTbjKKBTkDmQMMczsY+C+Rxh38MbchHiV5FN4DqT0Z9/xnfewcYFaYCHn/fUog8TP/ppMYHKRLkD/91v6MNXBwWB
pRzfPcFaS7iaebPZI0QpOOf9eiUV+BpZJkQTQrFZRWksvp1WN3ZS59ZVDYZfbibgh3qMc7anrxIZxCecVhqWQdqXOiTlh0ScMaVDk2ZT1rPQu9aWf5oF5AHOTulvBy0heeCa9nLfxED0jbClM9vc1V1FAo7dcclMvjjme/MMt5wnceabwwuABRS+ugxpj+J24WK5ZSZLm7ZT3C9aX/2C0hvZobO3VRRTIIg8Gbh+9fk9xVzYCpAod5FWxYyQ2Cy+ET736Ztb/8YLlV6A065fKYkTHW2/4Bjg6bKAgT0SLwWH7E1x7iCLiLs6rPB1FgWO
pRzfPcFaS7iaebPZI0QpOOf9eiUV+BpZJkQTQrFZRWksvp1WN3ZS59ZVDYZfbibgh3qMc7anrxIZxCecVhqWQdqXOiTlh0ScMaVDk2ZT1rPQu9aWf5oF5AHOTulvBy0heeCa9nLfxED0jbClM9vc1V1FAo7dcclMvjjme/MMt5wnceabwwuABRS+ugxpj+J24WK5ZSZLm7ZT3C9aX/2C0hvZobO3VRRTIIg8Gbh+9fk9xVzYCpAod5FWxYyQ2Cy+ET736Ztb/8YLlV6A065fKYkTHW2/4Bjg6bKAgT0SLwWH7E1x7iCLiLs6rPB1FgWO
ywaVYd1fQKrZlZz2plu1kdXiR7F9c2m0NQD1eaV9kXxAADjHb61HhzRs3hvRbCwFcNqOyhfec5lGVLf70JSUtZ3j2/BkTfskl+GguW9+P+0RE7UwmpHOdDHrQRWvuz33RdNXadKr0eOqpNeGBrSi/G35iqPixHpd+HGk+GLJPxW07Vg9PFy0Ju14+joftQYDuOAjsOkQgKcjcX8iqRyxP3NbYjES18Et0PoDce9/NtdOgfbluQD3v+cUFWlDOSjJQcHapAmDr/2fKFM3NwWx
IvA7bg+T7SXkIs8Vh0jAogrAQOizG5Pr5Re5M2uPKI/Ghd50zzJOTRVz6lwArdvzdTq7ixaVDmw65YxsbOGLWZeDn5fFzHq95RiJmb6FcX4h0Q9rqwyEYdBIL5NfKbFbY8ubq4lVjFuP33TcCbpYdPxAs4FUH7w0JOEmCXpEPCmhqSqVxoGirCqacwBkhoE1mL8mmL0Md+AeG70J4Z43/O+DrSO8jUwnn5EOgt3Nsb9o65D5KNnn8KmDOWzLVR3ZNvVfucSYF3OxwYFQTQspBa8=
wP9qnngFbrUAXMEA4cZkg5OZRPTJsK8yXGGnflNmzC2IcrOAl/UJ/GBRyH15IdbdihtTNXmBSo8GNZ1OcyMpGzAPY1B67cV8ohJlIzvu/qBTjO8uigPpWcKkH9KnPsvSWeg/PMN7wzZFD0C0JKfUXaLQJfF5W5yNC02l1yrTmfBbeSET93UUc2AovLn4XvXZfWXceEqwKFfR9kUs0PgsnlGed0nbe//mSzXeIJOOXwnJs53N/8AYwKkSACZ7Miknx0zN0a4Ai6j7mixQNTYFrg==
A+8VJcNY2f9XxB34ftKK7pOZRPTJsK8yXGGnflNmzC2IcrOAl/UJ+mBRyH1/IdbdihtTNXmBSo8GNZ1OXzQpEiwBdFB67cV8ohJlIzvu/qBTjO8uigPpWcKkH9KnPsvSWeg/PMN7wzZFD0C0JKfUXaLQJfF5W5yNC02l1yrTmfBbeSET93UUc2AovLn4XvXZfWXceEqwKFfR9kUs0PgsnlGed0nbe//mSzXeIJOOXwnJs53N/8AYwKkSACZ7Miknx0zN0a4Ai6j7mixQNTYFrg==
arvbqmWFcoVLOUPOyHoxF7dYHG2maDVWLZ/aXD+O3IplyiwYMmOEDaS+3Qc+thX0QsBJXg7Wcyzdp8Zb0/kyCMlTHiIJulbDNW6WBB05B/D+oleK5ySGDflr1lIH6LtA6/A9DhcWLxXz5DHZeO7Y+ZSf5hbtu7UVzH9f+32t9m35Ev/fyXlb22Th1L5EI0TAdVv541Tyxj645UWA3ZZMBow8tfjf47eVT7S/Y2b671CfSw311QezDsiyfSRY3CcMyUXjaqU7gi57us+MVEoJKAWs
SuTGdNtGYmIx2LunW7pDBZOZRPTJsK8yXGGnflNmzC2IcrOAl/UJ+mBRyH1/IdbdihtTNXmBSo8GNZ1OcyMpBS0OaVB67cV8ohJlIzvu/qBTjO8uigPpWcKkH9KnPsvSWeg/PMN7wzZFD0C0JKfUXaLQJfF5W5yNC02l1yrTmfBbeSET93UUc2AovLn4XvXZfWXceEqwKFfR9kUs0PgsnlGed0nbe//mSzXeIJOOXwnJs53N/8AYwKkSACZ7Miknx0zN0a4Ai6j7mixQNTYFrg==
ybCFt0Ktc12qkJWl5KiNp7dYHG2maDVWLZ/aXD+O3IplyiwYMmOEC6S+3Qc4thX0QsBJXg7Wcyzdp8Zbwv8wHc1HHiIJulbDNW6WBB05B/D+oleK5ySGDflr1lIH6LtA6/A9DhcWLxXz5DHZeO7Y+ZSf5hbtu7UVzH9f+32t9m35Ev/fyXlb22Th1L5EI0TAdVv541Tyxj645UWA3ZZMBow8tfjf47eVT7S/Y2b671CfSw311QezDsiyfSRY3CcMyUXjaqU7gi57us+MVEoJKAWs
VQLGDqOEFf74Za2KOF+BxtXiR7F9c2m0NQD1eaV9kXxAADjHb61HgSU0hgvHZ3had9mb41G9NNtRDKC71KaTo4j+2/BkTfskl+GguW9+P+0RE7UwmpHOdDHrQRWvuz33RdNXadKr0eOqpNeGBrSi/G35iqPixHpd+HGk+GLJPxW07Vg9PFy0Ju14+joftQYDuOAjsOkQgKcjcX8iqRyxP3NbYjES18Et0PoDce9/NtdOgfbluQD3v+cUFWlDOSjJQcHapAmDr/2fKFM3NwWx
Lw7eAAqRtQsqLfSOUn+8J9XiR7F9c2m0NQD1eaV9kXxAADjHb61HgSU0hgvHZ3had9mb41G9NNtRDKC73bWZvoj82/BkTfskl+GguW9+P+0RE7UwmpHOdDHrQRWvuz33RdNXadKr0eOqpNeGBrSi/G35iqPixHpd+HGk+GLJPxW07Vg9PFy0Ju14+joftQYDuOAjsOkQgKcjcX8iqRyxP3NbYjES18Et0PoDce9/NtdOgfbluQD3v+cUFWlDOSjJQcHapAmDr/2fKFM3NwWx
AWlbw0gA5+0uHJpJi1+dBjK9RxRvrFaG7XR3n9Pu9lu9kKUG6whEW3GKfr2nohbG2HpYcOSbcXgtV75M3QDbgCKGRRXXRc2gGbRenYEAtYmyjXV+JdkDe5cU4EH0MPOjE+H1G6eD11vV7Wg7K0cITIUy3PR4yD8RqIcY1EBZ+nm2jHjpZeHmpZp5hozOgk8QaI6FNZy3KoiBFJPAOuPhOS3W8zyrS2FTYDUoxzsJ8hJRRTU/7GMcaVRBQ5BNO2Wchx3ZmXI9E4kY4DNT1dm9QEEDLQWr
CDz02J7zofa72bgyQKzGQWI2x1tY2P/IsriUtQ/Ptb4hQvig0BBfhcImr7WviNgYWfqgH+s6qT93ZC0pfsjL8IvyDOglvgU2
zcnQWFh8zDu06PzirbKPdVMnhJgqCV1jioTwQeAR6lD5eVXayd5IFEic3xJFniUhV+R4vPEm0Ouz9ml7vxj9fUbkqxTj7jzcPbIFMg==
Wi6131QA8ysO2PgGlHVotmM2x1tY2P/IsriUtQ/Ptb4hQvig0BBfhcImr7WviNgYWfqgE+s6qT93ZC0pfsjL8IvyDOglvgU2
z3blT4sW96FZd5/dR4/MkVMnhJgqCV1jioTwQeAQ6lD5eVXayd5IFEic3xJFniUhV+R4vPEm0Oez9ml7vxj9fUbkqxTj7jzcPbIFMg==
NH1ZA/SsVr+pkjKfokPdtmA2x1tY2P/IsriUtQ/Ptb4hQvig0BBfhcImr7WviNgYWfqgG+o6qT93ZC0pfsjL8IvyDOglvgU2
1psJBPGMdB5x1ZT5TKvQhlMnhJgqCV1jioTwQeAT6lD5eVXayd5IFEic3xJFniUhV+R4vPEm0O+y9ml7vxj9fUbkqxTj7jzcPbIFMg==
DRBtCKCTkUYQNZFeDk96G2E2x1tY2P/IsriUtQ/Ptb4hQvig0BBfhcImr7WviNgYWfqgGeo6qT93ZC0pfsjL8IvyDOglvgU2
r0Y10RzPX1//zSsZi1V7i1MnhJgqCV1jioTwQeAS6lD5eVXayd5IFEic3xJFniUhV+R4vPEm0O2y9ml7vxj9fUbkqxTj7jzcPbIFMg==
fZ6pTQXZwZPWeZ6wF3wtpzcFzK8PRjUvgJS/DPpExGG3Y1Xayd5IFEic3wFKmj8hV+R4vPEm0Oy19ml7vxj9fUbkqxTj7jzcPbIFMg==
PWxCXi59/Qf6Ylly1OkbpmD+JZ0N5vJU64MzMb+bvRBoAEbxmoOFA1cT4NoxT49MrZhWVX5dMZefvIvCaX+yjMMTJkXJgOdf11RDT7M5mKkRASoEGQOfHU9oIxenBSE=
E2yPbjXwM8YVxV8W3f3vwvRJ3S56sghNeUJThXQDTzTelyvUoVl3dljbdIjmJ4FpLXzH9ouPmfbEvcislkR6DUJX62zpz3Vj57pvC1wdaScXXDOSAX9JU39prvURQN9P33Sbvxu58BnJ4SIUYUNH7cfIW0ePBQk=
dNCbqOq7rf6f3sg4xU69ml2DxucqSxyxrGz9dUUdOiLtWtV79N1BN0/8uyJ5f7Hj98l25TkAd79nFJNvwzmoycHBWqSJgy/9HyjTN7cFMQ==
8o+eQUO6wR6b9By95F/f0DYFzK8PRjUvgJS/DPpExGG3Y1Xayd5IFEic3wFKmj8hV+R4vPEm0O209ml7vxj9fUbkqxTj7jzcPbIFMg==
7I8IdNr3MPRnc4D5quda8QiqiwNVfer943lTD8AUG+uNt6hm3lT9c0U0pfxgQrzGn8w5TJ2Hs47IMn2kWFsgjMnF4+qlu4KuezrPDFTKCagFLA==
GzD/S5vF/3e9L05VvDzaZDcfyq8TXjQvgJS/DPpExGG3Y1Xayd5IFEic3wFKmj8hV+R4vPEm0Omw9mh7vxj9fUbkqxTj7jzcPbIFMg==
/LoQcf2zaUiiaFHK1EOma8vTjS0ZjampBQ9T76+VaPp/SHfXBNC+i0khlYL5BigMeITfCnWGRflnvLjkQf6wcQBu6OMPgJ2l9rxrTNM2XMQNqgUq
gqL7/osH7D2gKP/J0oB2EzYfyq8TXjQvgJS/DPpExGG3Y1Xayd5IFEic3wFKmj8hV+R4vPEm0Oew9mh7vxj9fUbkqxTj7jzcPbIFMg==
hf9AFB/7dwv8OhfRrbfubcvTjS0ZjampBQ9T76+VaPp/SXfXBNC+i0khlYL5BigMeITfCnWGRflnvLjkQf6wfwBu6OMPgJ2l9rxrTNM2XMQNqgUq
aFQ5Xc+GKa1HFuBa3F9gQDUfyq8TXjQvgJS/DPpExGG3Y1Xayd5IFEic3wFKmj8hV+R4vPEm0O6z9mh7vxj9fUbkqxTj7jzcPbIFMg==
iWv0NPmdWh5SlMEFVnsd8svTjS0ZjampBQ9T76+VaPp/SnfXBNC+i0khlYL5BigMeITfCnWGRflnvLjkQf6wdgNu6OMPgJ2l9rxrTNM2XMQNqgUq
a2Tkio4Dz1gRJFUn3+fFazQfyq8TXjQvgJS/DPpExGG3Y1Xayd5IFEic3wFKmj8hV+R4vPEm0O+z9mh7vxj9fUbkqxTj7jzcPbIFMg==
mtmd36D3809zZZF4gcgeEMvTjS0ZjampBQ9T76+VaPp/S3fXBNC+i0khlYL5BigMeITfCnWGRflnvLjkQf6wdwNu6OMPgJ2l9rxrTNM2XMQNqgUq
F1hUS7Q+X1Vjww0UT9+QFTUFzK8PRjUvgJS/DPpExGG3Y1Xayd5IFEic3wFKmj8hV+R4vPEm0Oa09mh8vxr9fUbkqxTj7jzcPbIFMg==
cZShpulZjLh8pmf265LFgl2CxucqSxyxrGz9dUcdOiLtWtV79N1BN0/8uyJ5f7Hj98l25TkAd79nFJluwzivycPBWqSJgy/9HyjTN7cFMQ==
WdnfXJixVE2IaDEmce8qxuLzo8be2KvXTirJhc3cz0Xz0hh8TCRIrYzL0FAXJRBcZ6fd3tS7gsdbhet/YccJ0FpzEGOErdmxTarZZg81vk4XBHjcMcZQTXLWblx/un2dhoSr9KOOvHx9kgUS
P9viqHqM7VPaEX7b33gwzeLzo8be2KvXTirJhc3cz0Xz0hh8TCRIrYzL0FAXJRBcZ6fd3tS7gsdbhet/YccJ0FpzEGOErdm1RL3eZg81vk4XBHjcMcZQSHXWblx/un2dhoSr9KOOvHx9kgUS
HNc4NBRxMrZ+0JEkVqLCheLzo8be2KvXTirJhc3cz0Xz0hh8TCRIrYzL0FAXJRBcZ6fd3tS7gsdbhet/YccJ0FpzEGOErdmxTarZZg81vk4XBHjcMcZQR3TWblx/un2dhoSr9KOOvHx9kgUS
4AeBPL/HcbTG58wOEdQ40ohd9hrJStFz6P19f4uMX7r1/z91my4jLQUga7djBLdRj/3jMadR3iwV49O12xj3L7sFPQ==
pDp5AK/eBb5QRQVHTNLTHHYhz4R25fHev+47I3AxcnYHzktCrbbC+I8z6K1vIqGAoAgnAQ2P35Pjn+WrnLnquoveUrifRjyklXuC3qDpADthU7F0GTx7U5ZcGwpo9lWwCIyoKI3m6zz1LypqWz7n2MReQYwFCA==
I17krvHRZz4gWYsnqAIN33Yhz4R25fHev+47I3AxcnYHzktCrbbC+I8z6K1vIqGAoAgnAQ2P35Pjn+WrnLnquoveUrifRjyklXuC3qDpADthV7hjHjx7U5ZcGwpo9lWwCIWpKIPm6zz1LypqWz7n2MReQYwFCA==
pUVGqC6JnRj79ZrjO23c1r4sbI5KS5zMzyvUzuqahfN95DTo0Zy0M+QiVKfpH8Xkd2VATUwZbi9Y3+LEwqTvvxGASW+VConJDOiHiMLe3oWMk1U5Xx1OunsB45Dte4Uc4N85ktX9MQk4IFNTNZndwGFDjQUL
DVGYHFxFiVlLPA/vGRUp5L4sbI5KS5zMzyvUzuqahfN95DTo0Zy0M+QiVKfpH8Xkd2VATUwZbi9Y3+LEwqTvvxGASW+VConJDOiHiMLe3oWImkI+Xx1OunsB45Dte4Uc4N45ktX9MQk4IFNTNZndwGFDjQUL
obadtV2FpvIo6CCwTWgxgnYhz4R25fHev+47I3AxcnYHzktCrbbC+I8z6K1vIqGAoAgnAQ2P35Pjn+WrnLnquoveUrifRjyklXuC3qDpADthU7F0GTx7U5ZcGwpo9lWwCIivKILm6zz1LypqWz7n2MReQYwFCA==
y3Wt1v7U34TKR6vtO5xaxTQFzK8PRjUvgJS/DPpExGG3Y1Xayd5IFEic3wFKmj8hV+R4vPEm0O6z9ml9vxr9fUbkqxTj7jzcPbIFMg==
PYmh0CYa5HCoR8wCrB2H8V2DxucqSxyxrGz9dUYdOiLtWtV79N1BN0/8uyJ5f7Hj98l25TkAd79nFJFpwzmuycPBWqSJgy/9HyjTN7cFMQ==
rYtIlyKMhtwap8WsBal8nItd9hrJStFz6P19f4uMX7r1/z91my4jLQUga7djBLxRj/niMadR3iwV49O12xj3L7sFPQ==
qACXQQDggH6s2xK6Djw/Lopd9hrJStFz6P19f4uMX7r1/z91my4jLQUga7djBLdQj/niMadR3iwV49O12xj3L7sFPQ==
MJCZRT7SetgUcfeyCmRtaTMFzK8PRjUvgJS/DPpExGG3Y1Xayd5IFEic3wFKmj8hV+R4vPEm0Oiy9ml9vxr9fUbkqxTj7jzcPbIFMg==
jMgcvH+BTZ0Jp8OA8TKMVV2DxucqSxyxrGz9dUEdOiLtWtV79N1BN0/8uyJ5f7Hj98l25TkAd79nFJdowzmuycPBWqSJgy/9HyjTN7cFMQ==
C7BJfSKCMb40OJfxr26xafeLvQ4NLLndiWV8yM620HjmfcO0iYhSXQJ97d/bTC9a5f8+FGdj4o2VoBtX00RmN3/50hH3ka6MpWND1QtYxw+rBS0=
kx+Uh09X9W5WNzHR1ZhIZCnquPVlBVDkumbkIBo9f2z9WOY17t1BN0/8uyJ5f6Ls89N25TkAd79nFJNuwzmuycPBWqSJgy/9HyjTN7cFMQ==
KgQncBcM9pcwCIfG3pTEiCnmvPVlBVDlumbkIBo9f2z9WOY17t1BN0/8uyJ5f6Ls89N25TkAd79nFJBrwziuycPBWqSJgy/9HyjTN7cFMQ==
jxca+tHMcp5YQkkQBe8VkeZ9eH0/wgbGkoSXmOBrAhDJ4YrpHpAbqxs28+WwPC8FDYvXp/PrjY+8nQJOW+oa/N8DdBBFj2p6AE1oT/HnOfCZuPPnBihzrshSvUTYMOdsyKOjCCXbwk57Go+s1GpJiAUM
+rwVAakfR1oGpSybhWBCi+Z9eH0/wgbGkoSXmOBrAhDJ4YrpHpAbqxs2/+GwPC8FDYvXp/PrjY+8nQJOW+oa/N8CdBBFj2p6AE1oT/HjMOeeuPPnBihzrshSvUTYPOZsyKOjCCXbwk57Go+s1GpJiAUM
GcvditQT6xSnm6QZSfd/JuZ9eH0/wgbGkoSXmOBrAhDJ4YrpHpAbqxs2/+GwPC8FDYvXp/PrjY+8nQJOW+oa/N8CdBBFj2p6AE1oT/HnOfCZuPPnBihzrshSvUTYOOFsyKOjCCXbwk57Go+s1GpJiAUM
NRMTuEcGjO2V04SLDI211uLzo8be2KqMGzDejtfN4kXFxy09O0co5YDLmRZrNQtNKeXM086Mk9xOhr89aOJdiW5wEGOErdmxTarZZg81vk4XBHjcMcZQR3TWaF1/un2dhoSr9KOOvHx9kgUS
HzwNKeMWm9oT1+XvS+rXz+Lzo8be2KqMGzDejtfN4kXFxy09O0co5YDLmRZrNQtNKeXM086Mk9xOhr89aOJdiW5wEGOErdm1RL3eZg81vk4XBHjcMcZQTHDWb11/un2dhoSr9KOOvHx9kgUS
a9m0nrbu2rkDRBpjrjHBIeLzo8be2KvXTirJhc3cz0Xz0hh8TCRJrYzL0FAXJRBcZ6fd3tS7gsdbhet/YccJ0VpzEGOErdmxTarZZg81vk4XBHjcMcZQR3DWb11/un2dhoSr9KOOvHx9kgUS
p8jYy29x1otnRVTPeJJQFeLzo8be2KvXTirJhc3cz0Xz0hh8TCRIrYzL0FAXJRBcZ6fd3tS7gsdbhet/YccJ0FpzEGOErdm1RL3eZg81vk4XBHjcMcZQSHPWb11/un2dhoSr9KOOvHx9kgUS
8QYg7ZGwTZU8xc432MGsh+Lzo8be2KvXTirJhc3cz0Xz0hh8TCRIrYzL0FAXJRBcZ6fd3tS7gsdbhet/YccJ0FpzEGOErdmxTarZZg81vk4XBHjcMcZQTXLWb11/un2dhoSr9KOOvHx9kgUS
atAH7IPw60J/MB3NKJXfGOLzo8be2KvXTirJhc3cz0Xz0hh8TCRIrYzL0FAXJRBcZ6fd3tS7gsdbhet/YccJ0FpzEGOErdm1RL3eZg81vk4XBHjcMcZQT3XWb11/un2dhoSr9KOOvHx9kgUS
3NAM8EhLHsLgfELuP57iS+Lzo8be2KvXTirJhc3cz0Xz0hh8TCRIrYzL0FAXJRBcZ6fd3tS7gsdbhet/YccJ0FpzEGOErdmxTarZZg81vk4XBHjcMcZQS3XWb11/un2dhoSr9KOOvHx9kgUS
N123VMC3gk/MwjwuT+MYC+Lzo8be2KvXTirJhc3cz0Xz0hh8TCRIrYzL0FAXJRBcZ6fd3tS7gsdbhet/YccJ0FpzEGOErdm1RL3eZg81vk4XBHjcMcZQTnTWb11/un2dhoSr9KOOvHx9kgUS
A6qsVX55BHBua3vDG66ID+Lzo8be2KvXTirJhc3cz0Xz0hh8TCRIrYzL0FAXJRBcZ6fd3tS7gsdbhet/YccJ0FpzEGOErdmxTarZZg81vk4XBHjcMcZQSHTWb11/un2dhoSr9KOOvHx9kgUS
RjSoQz3S4IvCzcPAmgQQr+Z9eH0/wgbGkoSXmOBrAhDJ4YrpHpAbqxs2/+GwPC8FDYvXp/PrjY+8nQJOW+oa/N8CdBBFj2p6AE1oT/HjMOeeuPPnBihzrshSvUTYMOBsz6OjCCXbwk57Go+s1GpJiAUM
W7QsXCzidr2QcrgeRWb8C+Lzo8be2KvXTirJhc3cz0Xz0hh8TCRIrYzL0FAXJRBcZ6fd3tS7gsdbhet/YccJ0FpzEGOErdm1RL3eZg81vk4XBHjcMcZQTnHWbl1/un2dhoSr9KOOvHx9kgUS
YgeuAio0te5/+DgtO3G7kuLzo8be2KvXTirJhc3cz0Xz0hh8TCRIrYzL0FAXJRBcZ6fd3tS7gsdbhet/YccJ0FpzEGOErdmxTarZZg81vk4XBHjcMcZQSHHWbl1/un2dhoSr9KOOvHx9kgUS
xOKanz6QFCVBiRzyzFfhneZ9eH0/wgbGkoSXmOBrAhDJ4YrpHpAbqxs2/+GwPC8FDYvXp/PrjY+8nQJOW+oa/N8CdBBFj2p6AE1oT/HnOfCZuPPnBihzrshSvUTYO+RszqOjCCXbwk57Go+s1GpJiAUM
IM5sEYOGiwGlzNMI5gmQx+Z9eH0/wgbGkoSXmOBrAhDJ4YrpHpAbqxs28+WwPC8FDYvXp/PrjY+8nQJOW+oa/N8DdBBFj2p6AE1oT/HjMOeeuPPnBihzrshSvUTYPOdszqOjCCXbwk57Go+s1GpJiAUM
GfNjpY9sGaS1W8LVJzrJg97fEUthsDRoBHzfgzeq0DQScEpQ6W51wtALH71jSkQWDh5iZPOGhPWrxoSexl2O+xJL4O18cjNoJkZiFQAb0bnblcIqx5mH8EnDWewnFn3dkLV9OeTYt3MRgaHQbUuJBQ8=
mkk8pqYe2Gy4C+N/Qm6wKjIFzK8PRjUvgJS/DPpExGG3Y1Xayd5IFEic3wFKmj8hV+R4vPEm0Ou09m19vxr9fUbkqxTj7jzcPbIFMg==
pH2yjHkSjafKNywqVipbTF2DxucqSxyxrGz9dUAdOiLtWtV79N1BN0/8uyJ5f7Hj98l25TkAd79nFJRuwz2uycPBWqSJgy/9HyjTN7cFMQ==
Di/lA8Dda0hVelEXldaj7CP6qvVlBVDhumbkIBo9f2z9WOY17t1BN0/8uyJ5f6Ls89N25TkAd79nFJhowzyuycPBWqSJgy/9HyjTN7cFMQ==
FuPGH8ilT3A2FSfydgxRQN7fEUthsDRoBHzfgzeq0DQScEpQ6W51wdALH71jSkQWDh5iZPOGhPWrxoSexl2O+xJL4O12biVoJkZiFQAb0bnblcIqx5mH8EnDWewuE33blbV8OeTYt3MRgaHQbUuJBQ8=
2bLp+LATteUOUvuJcPym4eLzo8be2KqMGzDejtfN4kXFxy09OEco5YDLmRZrNQtNKeXM086Mk9xOhr8+aOJdiW5wEGOErdmxTarZZg81vk4XBHjcMcZQS3HWalh/u32dhoSr9KOOvHx9kgUS
ezJyR1i+fs+esirESU8l3zEFzK8PRjUvgJS/DPpExGG3Y1Xayd5IFEic3wFKmj8hV+R4vPEm0Oqy9mp4vxv9fUbkqxTj7jzcPbIFMg==
lFF/Jij9JDk0CD/HsUXDa12DxucqSxyxrGz9dUMdOiLtWtV79N1BN0/8uyJ5f7Hj98l25TkAd79nFJVowzqrycLBWqSJgy/9HyjTN7cFMQ==
hvwnW2JmUMyctF3gCA9cmCHguvVlBVDiumbkIBo9f2z9WOY17t1BN0/8uyJ5f6Ls89N25TkAd79nFJJvwzqrycLBWqSJgy/9HyjTN7cFMQ==
HleDWa2UZc6haeIauiNxq+Lzo8be2KvXTirJhc3cz0Xz0hh8TCRLrYzL0FAXJRBcZ6fd3tS7gsdbhet/YccJ01pzEGOErdmxTarZZg81vk4XBHjcMcZQTnDWaVh/u32dhoSr9KOOvHx9kgUS
fYvD+6MxINckdkoRgruWxOZ9eH0/wgbGkoSXmOBrAhDJ4YrpHpAbqxs+9eOwPC8FDYvXp/PrjY+8nQJOW+oa/N8BdBBFj2p6AE1oT/HnOfCZuPPnBihzrshSvUTYOOZsyaajCSXbwk57Go+s1GpJiAUM
yIUxGVKCE24oy4my2O8T4+Z9eH0/wgbGkoSXmOBrAhDJ4YrpHpAbqxs+9eOwPC8FDYvXp/PrjY+8nQJOW+oa/N8BdBBFj2p6AE1oT/HjMOeeuPPnBihzrshSvUTYPeFsyaajCSXbwk57Go+s1GpJiAUM
OtQJvkWN0+IDx0gHpTLGvoLKJzMlI3d/0m83SDzJkhSLskURbkauLiYz+IAaM2z97oiJSxFzbRUfOywXY/PmUPYfP6fYej3R3qjQu7T1ual9stl+Py3eFifcuASBnjDUxE7pwM8jHcU2XGssk9bcZE2KBQo=
jdE8L8YuyPbK2FDTMTb0/7q1soOfC+Kzi+x2GrFKCVBqiZ2yhH5sOXm1+evAmXfLllCZEFHz5J6A/QgfMRcZ4Jmo0xfGeBMeSKIdFJgOAXzItsM55QtiPvuqb3yUGmmYBRw=
u8qdhm8aIjf0esQ/Eg9Jf7q1soOfC+Kziux2GrFKCVBqiZeukn5sOXm0+evAmXfLllCZEFHz6JqA/QgfMRcZ4Jmo0xfGeBMeSKIdFJgMB3zPtsM55QtiPvuqb3yUGmmYBRw=
9xbdMeMce5t+lupMKe+DJbq1soOfC+Kzi+x2GrFKCVBqiZW0gn5sOXm1+evAmXfLllCZEFH59IyA/QgfMRcZ4Jmo0xfGeBMeSKIdFJgLBnzPtsM55QtiPvuqb3yUGmmYBRw=
tGiaspMP1R4Es1+XFF2IzLq1soOfC+Kziux2GrFKCVBqiZ2+gH5sOXm0+evAmXfLllCZEFH77pyA/QgfMRcZ4Jmo0xfGeBMeSKIdFJgMAXzPtsM55QtiPvuqb3yUGmmYBRw=
ONWVf+rUA6zv8vWXan6pp7q1soOfC+Ozi+x2GrFKCVBqiZeukn5sOXm0+evAmXfLllCZEFHz5J6A/QgfMRcZ4Jmo0xfGeBMeSKIdFJgNAHzPtsM55QtiPvuqb3yUGmmYBRw=
Xn3Zn8gDOyJeAK3IQMBQjA0ZNZoQXZKAOzz7V0JI1ZgHooKFqYDHHzfU547TP7np8oGKxHkDv12v6IPXxwVB
WXlTFaZFJCXrdKIwvwy2NEIw+sV5QbnpEcppazMsPY0FO2bl92wn//bIYTBbcs593WDTBzvk36MHfm2BDvEGXO2jC+XjON8/swU1
e8Dp8to2liKIY/nw36vQthayvIxMLM3Gzg07GnqahOchyW8qMIH+Jx/KlYR1yyyIu4QJmqzZZ/Apg7lsSVad3rf13LlEmJdzMcEBUM0LqQUv
Bu6dOo9Bmn0pn0oCy0yDSnXV9nAqa/qa+XBbCsENSLWX8v861m+7J0805PhgUunNqJhibLaDs47IMn2kWFEnjM7E4+mlu4KuezrPDFTKCagFLA==
P8mR+kGLZvfWXy8mIYJLSFQKcIDdzP7BafNBZFXQtiJfPopXTF3tqC+CWtVhwA9vz7QNGEu+IXlaITJ0McP3jfcI6ye/BTk=
pAI4mCELSYq3VIsZ0XTUlTAFzK8PRjUvgJS/DPpExGG3Y1Xayd5IFEic3wFKmj8hV+R4vPEm0Oyx9mJ6vxv9fUbkqxTj7jzcPbIFMg==
ya7QHWk+oL2uB685BamXrF2DxucqSxyxrGz9dUIdOiLtWtV79N1BN0/8uyJ5f7Hj98l25TkAd79nFJNrwzKpycLBWqSJgy/9HyjTN7cFMQ==
/fShaGrgizuWfIZ33LTSZLq1soOfC+Kzi+x2GrFKCVBqiZW0gn5sOXm1+evAmXfLllCZEFH59IyA/QgfMRMQ956o0xfGeBMeSKIdFJgKBnzCtMM55QtiPvuqb3yUGmmYBRw=
+w/IzpAlCzk5t8tUXq4i3rq1soOfC+Ozi+x2GrFKCVBqiZeukn5sOXm0+evAmXfLllCZEFHz5J6A/QgfMRMQ956o0xfGeBMeSKIdFJgKBnzCtMM55QtiPvuqb3yUGmmYBRw=
1dV1ZBoFI8dRejABq8PF2bq1soOfC+Kziux2GrFKCVBqiZeukn5sOXm0+evAmXfLllCZEFHz6JqA/QgfMRMQ956o0xfGeBMeSKIdFJgKBnzCtMM55QtiPvuqb3yUGmmYBRw=
qg4fncPAGEkGrX23s2n+Ht7fEUthsDRoBHzfgzeq0DQScEpQ6W51wdALH71jSkQWDh5iZPOGhPWrxoSexl2O+xJL4O12biVoJkZiFQQSxr7blcIqx5mH8EnDWewtFH3Sl7V8OeTYt3MRgaHQbUuJBQ8=
TJjPw2nZr1gJSWik9mDnqCc8AttEXdHXPzzrAkl/g80vnpeFqYDHHzfU44jTMrnp8oGKxHkDv12v6IPXxwVB
GLBqr/IJn0TWYiAvZ8BaMyP6qvVlBVDjumbkIBo9f2z9WOY17t1BN0/8uyJ5f6Ls89N25TkAd79nFJZvwzKpycLBWqSJgy/9HyjTN7cFMQ==
9DoCSOeu4U31zcrCyGVoSd7fEUthsDRoBHzfgzeq0DQScEpQ6W51wdALH71jSkQWDh5iZPOGhPWrxoSexl2O+xJL4O12biVoJkZiFQAb0bnblcIqx5mH8EnDWewrF33blrV8OeTYt3MRgaHQbUuJBQ8=
VQ1mL8FU47VgxIBcxQvdbLq1soOfC+Kziux2GrFKCVBqiZeukn5sOXm0+evAmXfLllCZEFHz6JqA/QgfMRcZ4Jmo0xfGeBMeSKIdFJgPBnzLtcM55QtiPvuqb3yUGmmYBRw=
yNJnT2NL+YoEiKMiu3GS/rq1soOfC+Kzi+x2GrFKCVBqiZW0gn5sOXm1+evAmXfLllCZEFH59IyA/QgfMRcZ4Jmo0xfGeBMeSKIdFJgNAXzLtcM55QtiPvuqb3yUGmmYBRw=
llHAJmdEF0d48jJbkBEMsLq1soOfC+Ozi+x2GrFKCVBqiZeukn5sOXm0+evAmXfLllCZEFHz5J6A/QgfMRcZ4Jmo0xfGeBMeSKIdFJgOAHzLtcM55QtiPvuqb3yUGmmYBRw=
lVrl8kZ6nlh0PBo+ew4BYg0ZNZoQXZKAOzz7V0JI1ZgNspCFqYDHHzfU5IjTOrjp8oGKxHkDv12v6IPXxwVB
U+k3DuH3IXJ2CS5lcdAWRFUhqIQi3gIXXy9BGn/a/t4ITz+QgHrZ1aiAUk5G+WO2iMotDPgy0BRKXZMBBRNS1rsCn+Q04jmwBTQ=
9IUIN74SL9mML6ptmZmBYkIw+sV5QbnpEcppazMsPY0FO2bl92wn//bIYTBRYtx93WDTBzvk26MHeWyBDvEGXO2jC+XjON8/swU1
UgRyLFI2ypXz0BCY46weknXV9nAqYeqI+XBbCsENSLWX8v861m+7J0805PhgUunNqJhiZqaRs47IMn2kWFskjMnF4+mlu4KuezrPDFTKCagFLA==
1I5NNnkif6+nNoS0zTf5LFQKcIDdzP7BafNBZFXQtiJfPopdXE/tqCWSSNVhwA9vz7QPGku5IHlaITJ0McP3jfcI6ye/BTk=
uhPMyJvO4iREgNXqZTGn1A0ZNZoQXZKAOzz7V0JI1ZgHroaFqYDHHzfU6InTObjp8oGKxHkDv12v6IPXxwVB
0Rt4z9TjGnnSppid99M6h0Iw+sV5QbnpEcppazMsPY0FO2bl92wn//bIYTBbfsp93WDTBzvk2qAHeWyBDvEGXO2jC+XjON8/swU1
9xn4hvmnCY3Xtrv+Up5w83XV9nAqa/ae+XBbCsENSLWX8v861m+7J0805PhgUunNqJhibLqHs47IMn2kWFEhjMnF4+mlu4KuezrPDFTKCagFLA==
8mdbpXfcfSNEo9tje8OYaFQKcIDdzP7BafNBZFXQtiJfPopXQFntqC+OXtVhwA9vz7QIHku5IHlaITJ0McP3jfcI6ye/BTk=
ag/54yJ8HrUecMa3Q5lrKQ0ZNZoQXZKAOzz7V0JI1ZgPqICFqYDHHzfU5IvTOLjp8oGKxHkDv12v6IPXxwVB
1VQz/GTPsMxo0iB54I/uWUIw+sV5QbnpEcppazMsPY0FO2bl92wn//bIYTBTeMx93WDTBzvk3aIHeGyBDvEGXO2jC+XjON8/swU1
JXAiiY2P6eOaANbFdEvXL3XV9nAqY/CY+XBbCsENSLWX8v861m+7J0805PhgUunNqJhiZLyBs47IMn2kWFgnjMjF4+mlu4KuezrPDFTKCagFLA==
GyEOW6ROl6RVEZtViLCqyNxD8Q/SQKNtuvtqf4q6G6Ch8ipunzwiLQUga7djBL1Rj//kMaZR3iwV49O12xj3L7sFPQ==
06bXvi20X7hG+P4uNd+/hgDSkbxnAxWg6GbiIBIGOTj3Vqd4pttWN07K/zgtcqb2+8xm5TkAd79nFJJowz+oycLBWqSJgy/9HyjTN7cFMQ==
yeJdzMmkZg7VK+V+huqxeExLXUYUreeQN38m2JeFLTAXLdA32H9yCQ7RncXjR01JxvIuFhJfpLQII1vqaNYVEIgr6UiPASuddY/qSlteJzhEPgGsBSg=
TrhPHzdz9gg2gwSe0o0hMdxD8Q/SQKNtuvtqf4q6G6Ci8ipunzwiLQUga7djBLxWj//kMaZR3iwV49O12xj3L7sFPQ==
fLMBELFLvp+fLXDRWiS+lADSkbxnAxWg6GbiIBIGOTj3Vqd4pttWN07K/zgucqb2+8xm5TkAd79nFJNrwz6oycLBWqSJgy/9HyjTN7cFMQ==
5QGia5Cn8KZY317LLFeq8kxLXUYUrueQN38m2JeFLTAXLdA32H9yCQ7RncXjR01JxvIuFRJfpLQII1vqaNYVEIgs70iOASuddY/qSlteJzhEPgGsBSg=
MJ7XEJ9NPzvl7EO68mxU79xD8Q/SQKNtuvtqf4q6G6Cj8ipunzwiLQUga7djBLVWj/7kMaZR3iwV49O12xj3L7sFPQ==
UouHmmO4Bgxx2i9p0IjhqQDSkbxnAxWg6GbiIBIGOTj3Vqd4pttWN07K/zgvcqb2+8xm5TkAd79nFJRuwz6oycLBWqSJgy/9HyjTN7cFMQ==
/7ewYxqElPDnb3F8feoBg0xLXUYUr+eQN38m2JeFLTAXLdA32H9yCQ7RncXjR01JxvIuFBJfpLQII1vqaNYVEIgp7EiNASuddY/qSlteJzhEPgGsBSg=
kTpiMZB9t75kixhR8wykk9xD8Q/SQKNtuvtqf4q6G6Cg8ipunzwiLQUga7djBLdQj/3kMaZR3iwV49O12xj3L7sFPQ==
5sAt4ykNlhtM8zf8EJdC/QDSkbxnAxWg6GbiIBIGOTj3Vqd4pttWN07K/zgscqb2+8xm5TkAd79nFJRowz2oycLBWqSJgy/9HyjTN7cFMQ==
YNtdSO5F4/KglZ1JNgp/HkxLXUYUrOeQN38m2JeFLTAXLdA32H9yCQ7RncXjR01JxvIuFxJfpLQII1vqaNYVEIgu6UiNASuddY/qSlteJzhEPgGsBSg=
JKG17p3ZUqDsbmbs+N6YTFSmdOxHYiD2gA555tybCp2rZHla/HnXcLnjSSycc63bwRWMefQ4B/PBodEQ/Su5BT8=
u0BFd8b9Ss48HB2lUu8ylhkg1ohvMgffWlSluprblPNCbBzL3MY9FrgDhh0n/J0qODELUIXrTTz9iuEbja0o6XCw+5Md6RUg2TO1BTM=
Aw7kcX/US6o9PdIJNl20Hg14fnCww5iUtL5zARnfnfqAbie0rmRDuJza49eK2YrroVc+NU8cMXoa5kPgdUyW8ZHTCfTNkI7SF14ShyRdBfi3YpKlWQCX/weUci6jOI+JYkH65KmDD72/qHN3lwUR
mh9muC2Zi/kgEKqCbB8roqU+KBVtgUKAzJ+/1uZrGAfp5sO6X5IViVca0M/iI3tXVs2R+ejjw5i0lBh5SuoOmtwbexpXiHJKCDtAZMKrGdu9uKLMNiNzrshSvUTYPeRsz6KjCSXbwk57Go+s1GpJiAUM
8dJ56GkGA8gS2A97tUc2cHByeG5W8Z2tfnsm1p3RLjZfYp0+nD9zDgfc2s6of2hw0v9Rfz0c6pgmN1vqaNYVEIgq6UiPBiuddY/qSlteJzhEPgGsBSg=
Tj/bmwRPELRK5c/hVYJd12rel6cOGvrujUgzFWeFy6wojS8rN4jzYDCuqaYs+xqdu4QJmqzZZ/Apg7lsTlSd3rH13LlEmJdzMcEBUM0LqQUv
cKeKZfOiOTmsBTzsuz+GAKqYuxUUY4WUgX4w3J/6wWPgQ87phYNdXEEwwvrjbmY/2N15QENS5o2VoBtX00RtM3/90xH2ka6MpWND1QtYxw+rBS0=
kcRL5tBCftP5IzcdlYG/LrKIvaHj9tZ2QSDbobxucQrShv7OedWz1c9k32quHHgBpKqaOZU9fdK20t5hDxhYiPkq4M/IKq0oV7dt+d5YS2ArIkw4Ba4FJg==
rXBRYNPqUyPp2zm1BcxHeOzWvQL2jj4uoICjSncNWsq5vmhsZ1ppk2jDRlntY+UsmfC6KjsOTi/Q3XFQa7K+3W3gQ6drJIuB931bYV4x1jx9I3sFU3gvH6MFJQ==
BlAirp11ZwfBx18Ktz7y81SmdOxHYiD2gA555tybBpmrZHlW+HnXcLnjSSyXdq3cwRWMefQ4B/PBodEQ/Su5BT8=
QtRDTuNZ/giZ714nvBNaBxkg1ohvMgffWlSluprblPNCbBzL3MY9FrgDihkn/J0mPDELUIXrTTz9jeEcja0o6XCw+5Md6RUg2TO1BTM=
JBxchplBAxME4IiPoz8G0g14fnCww5iUtL5zARnfnfqAbie0rmRDuJza49eK2YrroVc+NU8cMXoa5kPgdUyW8ZHTCfTNkI7SF14ShyhZBfi3bpalWQCX/weUdC+jPI+JYkH65KmDD72/qHN3lwUR
qxFgo+Ln9SB+CVul/B1I652cQSMz83QzRSPmxi29xz8DRh4SqE0yltQBHb1maUQLFUo7Ja7ElOSjyZie3VzrrEhNz6tXSBNgUG5JJkw79pnbxOkWyJmH8EnDWewvF33TkbV8OeTYt3MRgaHQbUuJBQ8=
Htequr18JP/lECa8Oo0Hw6U+KBVtgUKAzJ+/1uZrGAfp5sO6X5IViVca0M/iI3tXVs2R+ejjw5i0lBh5SuoOmtwbexpXiHJKCDtAZMKrGde5uKLMOidzrshSvUTYOeRsw6KjCSXbwk57Go+s1GpJiAUM
T/MYBtsnFRaS2OX4iSOod3ByeG5W8Z2tfnsm1p3RLjZfYp0+nD9zDgfc2s6of2hw0v9Rczkc6pgqM1vqaNYVEIgu7kiDBiuddY/qSlteJzhEPgGsBSg=
et4zCJoMkywwY5D/vOzsCmrel6cOGvrujUgzFWeFy6wojS8rN4jzYDCuqaYs+xaZu4QJlqjZZ/Apg7lsSVSd07H13LlEmJdzMcEBUM0LqQUv
a1KlhSF4TAawKTaBsREJ3xso345uYEGCH1++o9DVm/tDYF/A3MY9FrgDihkn/J0mPDELUIXrTTz8i+ETja0o6XCw+5Md6RUg2TO1BTM=
jYn3kYjzE0RJp/RWgLotq6qYuxUUY4WUgX4w3J/6wWPgQ87phYNdXEEwwvrjbmY/1Nl5QENe4o2VoBtX00RgNn/z0xH2ka6MpWND1QtYxw+rBS0=
fS5FUuF74fPn4Ib8KdJ0drKIvaHj9tZ2QSDbobxucQrShv7OedWz1c9k32quHHgBpKqaOZUxedK20tJlDxhYiPkq4M/JKqIoV7dt+d5YS2ArIkw4Ba4FJg==
qHcSOCl9BJjMhzoEc32XT+zWvQL2jj4uoICjSncNWsq5vmhsZ1ppk2jDRlntY+UsmfC6KjsOTi/c2XFQa7663W3gQ6drJIWC93JbYV4x1jx9I3sFU3gvH6MFJQ==
lnns3d/sUL/pcPsmj8BQ61SmdOxHYiD2gA555tyRGo+rZHNK7nnXcLnjSSybc63SwRWMefQ4B/PBodEQ/Su5BT8=
QfkmudtSPlmHaCsNgEbMLBkg1ohvMgffWlSluprblPNCbBzL3MY9FrgJlg8n/Jc6KjELUIXrTTzzi+ESja0o6XCw+5Md6RUg2TO1BTM=
xxW3oRplfD9uSwYnoUz0JA14fnCww5iUtL5zARnfnfqAbie0rmRDuJza49eK2YrroVc+NU8cMXoa5kPgdUyW8ZHTCfTNkI7SF14SjTRPBfi9coClWQCX/weUcyqjO46JYkH65KmDD72/qHN3lwUR
F11ExULGugxL9sBJV+Xhdv7wtvQUzp8mZyA+0UR5iURnXLc4uecniGRZGrnHydZPFX9gaU8WJOaMz9IQkiR8eR+8/2Ke5LhpNDJ6ce8Vb/rmgG77v2AYYOkygAE7kiuBh29N8e6giwi7uqxwdZYFDg==
lmK2u628p2Gh0zRm6eohPaU+KBVtgUKAzJ+/1uZrGAfp5sO6X5IViVca0M/iI3tXVs2R+ejjw5i0lBh5SuoOmtwbexpXiHJKCDtAZMKrE8uvuKLGJjFzrshSvUTYOOFsy6OjCSXbwk57Go+s1GpJiAUM
Nd0E4eyZBhci5QsakRmJf3ByeG5W8Z2tfnsm1p3RLjZfYp0+nD9zDgfc2s6of2hw0v9bby8c6pI2JVvqaNYVEIgo6EiLByuddY/qSlteJzhEPgGsBSg=
taKdR1Xpkad/V5x8YjQreGrel6cOGvrujUgzFWeFy6wojS8rN4jzYDCuqaYs8QqPu4QDir7ZZ/Apg7lsR1Kd27D13LlEmJdzMcEBUM0LqQUv
4902Ozn3Pxxf1CxxO/4vHKqYuxUUY4WUgX4w3J/6wWPgQ87phYNdXEEwwvrjbmY1yM95QElC9I2VoBtX00RkM3/60hH2ka6MpWND1QtYxw+rBS0=
tJsvZtHaauu4fO1lWV4xCrKIvaHj9tZ2QSDbobxucQrShv7OedWz1c9k32quHHgBpKqaOZ8tb9K22M5zDxhYiPkq4M/IKqopV7dt+d5YS2ArIkw4Ba4FJg==
EO09w4HwDOSxc8yoD/c+J+zWvQL2jj4uoICjSncNWsq5vmhsZ1ppk2jDRlntY+UsmfC6KjsOTiXAz3FQYaKs3W3gQ6drJI6B93paYV4x1jx9I3sFU3gvH6MFJQ==
kn/gzKMr/5+sVj/rLURne1SmdOxHYiD2gA555tyTAJ+rZHFQ/nnXcLnjSSyWc63awBWMefQ4B/PBodEQ/Su5BT8=
x4493sZfwQ3d3TTYCbvCWhkg1ohvMgffWlSluprblPNCbBzL3MY9FrgLjB8n/JUgOjELUIXrTTz4iuEajK0o6XCw+5Md6RUg2TO1BTM=
Is7f4xXGhi3B2wh//64Hcg14fnCww5iUtL5zARnfnfqAbie0rmRDuJza49eK2YrroVc+NU8cMXoa5kPgdUyW8ZHTCfTNkI7SF14Sjy5fBfi/aJClWQCX/weUcymjOY6JYkH65KmDD72/qHN3lwUR
/mpdQkjW6n76ysd2NEVtqaU+KBVtgUKAzJ+/1uZrGAfp5sO6X5IViVca0M/iI3tXVs2R+ejjw5i0lBh5SuoOmtwbexpXiHJKCDtAZMKrEdG/uKLEPCFzrshSvUTYP+ZsyaOjCSXbwk57Go+s1GpJiAUM
Ea2w+JkQCVg1+qA2FDP0zXByeG5W8Z2tfnsm1p3RLjZfYp0+nD9zDgfc2s6of2hw0v9ZdT8c6pAsNVvqaNYVEIgp6UiJByuddY/qSlteJzhEPgGsBSg=
hTimgTUXGymOaAYX9Nfbomrel6cOGvrujUgzFWeFy6wojS8rN4jzYDCuqaYs8xCfu4QBkK7ZZ/Apg7lsR1Od2bD13LlEmJdzMcEBUM0LqQUv
R8joePGP7Gs6QBs3zb4I9KqYuxUUY4WUgX4w3J/6wWPgQ87phYNdXEEwwvrjbmY30t95QEtY5I2VoBtX00RnNn/50hH2ka6MpWND1QtYxw+rBS0=
1kyXXhHXySVnx2gOEMOt37KIvaHj9tZ2QSDbobxucQrShv7OedWz1c9k32quHHgBpKqaOZ03f9K22tRjDxhYiPkq4MLMKqkpV7dt+d5YS2ArIkw4Ba4FJg==
5CeXA9BlMXQBxNlX5yYZzOzWvQL2jj4uoICjSncNWsq5vmhsZ1ppk2jDRlntY+UsmfC6KjsOTifa33FQY7i83W3gQ6drJIuD93haYV4x1jx9I3sFU3gvH6MFJQ==
HU9NMDP7+JOrqs07ZAgG7RoKfso1qTfkxcU3XMHXXnhCwdINQLoAGQcsOHShjnBEI37o9S+zXdUWLOvcs8Yc9C26BTo=
lgEX+Cn845GBcG0R/WUpefctPS4bZ3pDGbMqb4Xr/GJdbOYybKLZ5HThMxBdm7VcWj1pnwRdQEnIACPT5bnNAPEjvQU7
Lsf+5zccuiwWUH3UZYOLkDafnKIMG/H1zg0kDmmAjeFuiWZuFaveD1HTsLIhhHKy+MoltLjZZ/Apg7lsSVSd37D13LlEmJdzMcEBUM0LqQUv
oOlq52aU0WfJSCOC9V6kVugFzfuE0uYs8yotfXMt1k83yfVxMexH0M4VY46RfPD0i52Zmr2uKlN0dE9JfHDtKgBJraEvTd8/TF+Dx5r6iwDQ8trOD/wSTbWgO5dzxM3zX/6y0RYRzsxFYyOVq9hnT4sFDQ==
++Q72RoHAYUchpyBY1vae/1vPOYYCNiKk2upmvuRhfVw41GtgpiVdrg5R7ruALe2d2UJFxFbfj5Q0P7E2aWK6EuGZinLDYmVKdOa79WL7KLNzBYyHAJJpGQB45Dte4Uc4t05ntT9MAk4IFNTNZndwGFDjQUL
SgIlHJTECmbip2Hjg8YwDjVin+wkprWY4fUTbXYxaGEnyQIR7LTM2sNq7KFpJ+6g7xM6T1bQ0Mb6m+WrnKLr39yEVJfZGDukyV65w8f+VQlGEu43En9kVIhDGwpo9lWwCIuvKI7n6z31LypqWz7n2MReQYwFCA==
eEhiQDEHg+xEl5K4y8qS0wtufTFfZyZjUPDFoENWI/y5sugTbOjMOxk0I8j5kiFPp7KNBXZ+tpuS0zw4uE/DRgh6zXw457YETktzUUXjMmY7cj9UdDIZoAUk
OWbS224gOEJe+jYNcAh1VYjxJRUxhZC0PlEVz6P8KmjrxkYpK03pFckTuu/1S0wirQz2MnxCqSTEQcOQzTvlnAcbWZ70PZCJmOCzU1XZPUDBA60FKw==
JHbtzQrQHYUaeZQLg4ewDwGtITqu2bIbYzyrpeEYXUr5z1WipIlJqVN9E6fIP0c/lurXyDRyvobT7B418UC/Dz/0Mf87vhZZqmGC1EFDZy0nSDsHrwUp
DY3xHown58Gdm6ZLQ5Mb1iZ23k3eodfw4ubNOkcwx53HxAAudPDLUqiZ+VKPMkH89Z33BHFPPqBy2dIVcGJggbd0+CyRlhCblOZubZ9rPc0mdCuEA158LB2iBSI=
GTT8BHtMJnRVLpBjNxyqwiPuKZoU8d4X65UpZa2XvQV7HEOVmdiFGlEv7dIsCcEZq917dxB/f8++is/YPHK2lssMNkXJgOdf11RCS7M9nqkSASoEGQOfHU9oIxenBSE=
CXKQxtHxF8I0dX87yAqkHvctPS4bZ3pDGbMqb4Xq/GJdbOcybKLZ5HThMxBdm7VcVj1pnQRdQEnIACPT5bnNAPEjvQU7
iw0GlM4zYFHBaWSZez3c5zafnKIMG/H1zg0kDmmAjeFuiWZuFaveD1HSsLIhhHOy+MoltLjZZ/Apg7lsT1Sd3bD13LlEmJdzMcEBUM0LqQUv
5+CIZ+q3JuIrFf88efMKzegFzfuE0uYs8yotfXMt1k83yfVxMexH0M4VY46RfPD0i52Zmr2uKlN0dE9JfHDtKgBJraEvTd8/TF+Dxpr6iwDR8trOD/wSTbWgO5dzxM33X/2y0RYRzsxFYyOVq9hnT4sFDQ==
jein2q+BY6sMuotyQrO+rDVin+wkprWY4fUTbXYxaGEnyQIR7LTM2sNq7KFpJ+6g7xM6T1bQ0Mb6m+WrnKLr39yEVJfZGDukyV65w8f+VAlGEu42En9kVIhDGwpo9lWwCI6tKIzn6z31LypqWz7n2MReQYwFCA==
JLduQsgBODJ5kgq9sYlm8QtufTFfZyZjUPDFoENWI/y5sugTbOjMOxk0I8j5kiFPp7KMBXZ+tpqS0zw4uE/DRgh6zXw46bUETEtzUUXjMmY7cj9UdDIZoAUk
1oTkZo6BAWQ6mbB9RY5Hh4jxJRUxhZC0PlEVz6P8KmjrxkYpK03pFckTuu/1SkwirQz3MnxCqSTEQcOQzTvlnAEeWZz0PZCJmOCzU1XZPUDBA60FKw==
pkcBiNbUljvyWjVn1ZeOoQGtITqu2bIbYzyrpeEYXUr5z1WipIlJqVN9E6fIP0c+lurXyDVyvobT7B418UC/Dz/0PPo7vBZZqmGC1EFDZy0nSDsHrwUp
DdXWTv1LRX6N246CJs3igSZ23k3eodfw4ubNOkcwx53HxAAudPDLUqiZ+VKPMkH89Z33BHBPPqBy2NIVcGJggbd0+CyRlhCYk+ZsbZ9rPc0mdCuEA158LB2iBSI=
Fzqp/sxtXPF/cNejJJ7gzBRouONRQKMS3LnbueDl0Ew7BiC4r+DgciwkGx7gXTkuN8bxkF15V5jo264s+lxSqYjWEC1f0JjwScJAVlqiLJGnHw0hDhALmBtKbCAVpgUe
mquGuzuU26AQtR81KuG3USPuKZoU8d4X65UpZa2XvQV7HEOVmdiFGlEv7dIsCcEZq917dxB/f86+is/YPXK2lssMNkXJgOdf11RBT7M8nqkSASoEGQOfHU9oIxenBSE=
Odw4VvtaoRRezHxbEi5fZvctPS4bZ3pDGbMqb4Xo/GJdbOUybKLZ5HThMxBdm7VcWjppnARdQEnIACPT5bnNAPEjvQU7
jkNgptLBz5rNcDBSkaQF/V3f5sldNj2Hx29CpM5CMR9bVTrg/enXKAqL7tzaTlKZ6AbQXf9AGECpkgCgebIjocfPzVGugIso+xos0DW2BS4=
ANOuyzO4rqC5FZkhaxMP4Cy5jR2huykNcov4ni5wKi/52944vz4Kaef1vcV9e2ZPieDYUhmUebLw2h3UUOk/MJHTUczXphVTOEVEWezIbzNpMSlwNRuhBSc=
5AQoGXfrClJmrKBLwYBFlqU+KBVxh1uN49CGk+BtDxesoNKrGpAXgFIFz9TgczVMVN2Zt+LjgpO8hgMrDLAc05lccxAZqlFnZ1o+fdamZrCS++zgGDdzrshSvUTYOuZsw6OjCSXbwk57Go+s1GpJiAUM
mMwhp7vLl3SgF7Sf2neLd+gFzfuE0uYs8yotfXMt1k83yfVxMexH0M4VY46RfPD0i52Zmr2uKlN0dE9JfHDtKgBJraEvTd8/TF+DxJr6iwDT8trOD/wSTbWgO5dzxM3wX/Oy0RYRzsxFYyOVq9hnT4sFDQ==
PW32lX21iLKysG6hbwgNDDVin+wkprWY4fUTbXYxaGEnyQIR7LTM2sNq7KFpJ+6g7xM6T1bQ0Mb6m+WrnKLr39yEVJfZGDukyV65w8f+VglGEu40En9kVIhDGwpo9lWwCIyoKIPn6z31LypqWz7n2MReQYwFCA==
p+DW/nnfL1f4kQKsUNJFNAtufTFfZyZjUPDFoENWI/y5sugTbOjMOxk0I8j5kiFPp7KOBXZ+tpiS0zw4uE/DRgh6zXw44LUEQktzUUXjMmY7cj9UdDIZoAUk
4cpCWIHv8dCn28WVw+c9QIjxJRUxhZC0PlEVz6P8KmjrxkYpK03pFckTuu/1SEwirQz1MnxCqSTEQcOQzTvlnAUfWZL0PZCJmOCzU1XZPUDBA60FKw==
hcIyAXb9m5WpAcoKO70oqwGtITqu2bIbYzyrpeEYXUr5z1WipIlJqVN9E6fIP0c8lurXyDdyvobT7B418UC/Dz/0OPo7shZZqmGC1EFDZy0nSDsHrwUp
yKy2rx9qjqo6aPgqVZiekiZ23k3eodfw4ubNOkcwx53HxAAudPDLUqiZ+VKPMkH89Z33BHJPPqBy2tIVcGJggbd0+CyRlhCWkOZibZ9rPc0mdCuEA158LB2iBSI=
JbSxLd13gmdIXXNzbug4ESPuKZoU8d4X65UpZa2XvQV7HEOVmdiFGlEv7dIsCcEZq917dxB/f8y+is/YP3K2lssMNkXJgOdf11RHSbMynqkSASoEGQOfHU9oIxenBSE=
SdQdF+Ba+9lMAJdRyXVV9/ctPS4bZ3pDGbMqb4Xp/GJdbOQybKLZ5HThMxBdm7VcUzppkgRdQEnIACPT5bnNAPEjvQU7
yU6ChTIQR/33QqfdzPuu1DafnKIMG/H1zg0kDmmAjeFuiWZuFaveD1HRsLIhhHCy+MoltLjZZ/Apg7lsSlKd0rD13LlEmJdzMcEBUM0LqQUv
IhLZuYzzTz5vjUCUgi3CU+gFzfuE0uYs8yotfXMt1k83yfVxMexH0M4VY46RfPD0i52Zmr2uKlN0dE9JfHDtKgBJraEvTd8/TF+DxZr6iwDS8trOD/wSTbWgO5dzxMbyX/u30RkRzsxFYyOVq9hnT4sFDQ==
zffImVpjBCKvoU8+K+XKKjVin+wkprWY4fUTbXYxaGEnyQIR7LTM2sNq7KFpJ+6g7xM6T1bQ0Mb6m+WrnKLr39yEVJfZGDukyV65w8f+VwlGEu41En9kVIhDGwpo9lWwCIivKIvi6zL1LypqWz7n2MReQYwFCA==
m5hwL5Io4ESeDO/hZh579gtufTFfZyZjUPDFoENWI/y5sugTbOjMOxk0I8j5kiFPp7KPBXZ+tpmS0zw4uE/DRgh6zXw447YES05zXkXjMmY7cj9UdDIZoAUk
I3VuX/0Ciuit/n/Uf7/YDIjxJRUxhZC0PlEVz6P8KmjrxkYpK03pFckTuu/1SUwirQz0MnxCqSTEQcOQzTvlnAscWZvxPZ+JmOCzU1XZPUDBA60FKw==
n1xtmla5/haetJhz76j9zwGtITqu2bIbYzyrpeEYXUr5z1WipIlJqVN9E6fIP0c9lurXyDZyvobT7B418UC/Dz/0OP87uxNZpWGC1EFDZy0nSDsHrwUp
zSJ+YUkLLYTRtXgNwQ7x8yZ23k3eodfw4ubNOkcwx53HxAAudPDLUqiZ+VKPMkH89Z33BHNPPqBy29IVcGJggbd0+CyRlhCWleZraJ9kPc0mdCuEA158LB2iBSI=
glfKeoxDshPQM3iO4t42JyPuKZoU8d4X65UpZa2XvQV7HEOVmdiFGlEv7dIsCcEZq917dxB/f82+is/YPnK2lssMNkXJgOdf11RHTrM7m6kdASoEGQOfHU9oIxenBSE=
OH45Q4KensFPwdBUP9tNeOZ9eH0/wgbGkoSXmOBrAhDJ4YrpHpAbqxs2/+GwPC8FDYvXp/PrjY+8nQJOW+oa/N8CdBBFj2p6AE1oT/HjMOeeuPPnBihzrshSvUTYOuBsy6SjBiXbwk57Go+s1GpJiAUM
TwRPk5H2bH60SihpM3dn+YLKJzMlI3d/0m83SDzJkhSLskURbkauLiYz+IAaM2z97oiJSxFzbRUfOywXY/PmUPYfP6fYej3R3qjQu7T1ua10pd5+Py3eFifcuASBnjDVxE7rws8sHcU2XGssk9bcZE2KBQo=
nmyCEqAZNf+yxEVr823EgN7fEUthsDB1GzjOiCu93SgjQVdB6U88tJgtMpM0dhBZSBFiP6THxuSm3LOP3UiNr1FCxblQUCNoJkZiFQAb0bnblcIqx5mH8EnDWewsF33al7VzOeTYt3MRgaHQbUuJBQ8=
aRMI/39TfNuy1PWXeRQkPd7fEUthsDB1GzjOiCu93SgjQVdB6U88tJglOJE0dhBZSBFiP6THxuSm3LOP3UiNr1JCxblQUCNoJkZiFQAb0bnblcIqx5mH8EnDWewpF33al7VzOeTYt3MRgaHQbUuJBQ8=
ySdpedtq3Zwro1YhbxGDW2Y2x1tY2P/IsriUtQ/Ptb4hQvig0BBfhcImr7WviNgYWfqgEuk6rT53aC0pfsjL8IvyDOglvgU2
hz0wfeK7vDIzxFpnfBHKIFMnhJgqCV1jioTwQeAV6lD5eVXayd5IFEic3xJFniUhV+R4vPEm0Oax9m16vxT9fUbkqxTj7jzcPbIFMg==
8JUNLMoKngmCbBIxKSco8Vw2B9tEXdHXPzzrAkl/g80vnpeFqYDHHzfU4onTPLnp/YGKxHkDv12v6IPXxwVB
